ARM GAS  C:\Users\qwertym\AppData\Local\Temp\ccVsr9rq.s 			page 1


   1              		.cpu cortex-m3
   2              		.arch armv7-m
   3              		.fpu softvfp
   4              		.eabi_attribute 20, 1
   5              		.eabi_attribute 21, 1
   6              		.eabi_attribute 23, 3
   7              		.eabi_attribute 24, 1
   8              		.eabi_attribute 25, 1
   9              		.eabi_attribute 26, 1
  10              		.eabi_attribute 30, 1
  11              		.eabi_attribute 34, 1
  12              		.eabi_attribute 18, 4
  13              		.file	"stm32f1xx_hal_rcc_ex.c"
  14              		.text
  15              	.Ltext0:
  16              		.cfi_sections	.debug_frame
  17              		.file 1 "Drivers/STM32F1xx_HAL_Driver/Src/stm32f1xx_hal_rcc_ex.c"
  18              		.section	.text.HAL_RCCEx_PeriphCLKConfig,"ax",%progbits
  19              		.align	1
  20              		.global	HAL_RCCEx_PeriphCLKConfig
  21              		.syntax unified
  22              		.thumb
  23              		.thumb_func
  25              	HAL_RCCEx_PeriphCLKConfig:
  26              	.LVL0:
  27              	.LFB65:
   1:Drivers/STM32F1xx_HAL_Driver/Src/stm32f1xx_hal_rcc_ex.c **** /**
   2:Drivers/STM32F1xx_HAL_Driver/Src/stm32f1xx_hal_rcc_ex.c ****   ******************************************************************************
   3:Drivers/STM32F1xx_HAL_Driver/Src/stm32f1xx_hal_rcc_ex.c ****   * @file    stm32f1xx_hal_rcc_ex.c
   4:Drivers/STM32F1xx_HAL_Driver/Src/stm32f1xx_hal_rcc_ex.c ****   * @author  MCD Application Team
   5:Drivers/STM32F1xx_HAL_Driver/Src/stm32f1xx_hal_rcc_ex.c ****   * @brief   Extended RCC HAL module driver.
   6:Drivers/STM32F1xx_HAL_Driver/Src/stm32f1xx_hal_rcc_ex.c ****   *          This file provides firmware functions to manage the following
   7:Drivers/STM32F1xx_HAL_Driver/Src/stm32f1xx_hal_rcc_ex.c ****   *          functionalities RCC extension peripheral:
   8:Drivers/STM32F1xx_HAL_Driver/Src/stm32f1xx_hal_rcc_ex.c ****   *           + Extended Peripheral Control functions
   9:Drivers/STM32F1xx_HAL_Driver/Src/stm32f1xx_hal_rcc_ex.c ****   *
  10:Drivers/STM32F1xx_HAL_Driver/Src/stm32f1xx_hal_rcc_ex.c ****   ******************************************************************************
  11:Drivers/STM32F1xx_HAL_Driver/Src/stm32f1xx_hal_rcc_ex.c ****   * @attention
  12:Drivers/STM32F1xx_HAL_Driver/Src/stm32f1xx_hal_rcc_ex.c ****   *
  13:Drivers/STM32F1xx_HAL_Driver/Src/stm32f1xx_hal_rcc_ex.c ****   * <h2><center>&copy; Copyright (c) 2016 STMicroelectronics.
  14:Drivers/STM32F1xx_HAL_Driver/Src/stm32f1xx_hal_rcc_ex.c ****   * All rights reserved.</center></h2>
  15:Drivers/STM32F1xx_HAL_Driver/Src/stm32f1xx_hal_rcc_ex.c ****   *
  16:Drivers/STM32F1xx_HAL_Driver/Src/stm32f1xx_hal_rcc_ex.c ****   * This software component is licensed by ST under BSD 3-Clause license,
  17:Drivers/STM32F1xx_HAL_Driver/Src/stm32f1xx_hal_rcc_ex.c ****   * the "License"; You may not use this file except in compliance with the
  18:Drivers/STM32F1xx_HAL_Driver/Src/stm32f1xx_hal_rcc_ex.c ****   * License. You may obtain a copy of the License at:
  19:Drivers/STM32F1xx_HAL_Driver/Src/stm32f1xx_hal_rcc_ex.c ****   *                        opensource.org/licenses/BSD-3-Clause
  20:Drivers/STM32F1xx_HAL_Driver/Src/stm32f1xx_hal_rcc_ex.c ****   *
  21:Drivers/STM32F1xx_HAL_Driver/Src/stm32f1xx_hal_rcc_ex.c ****   ******************************************************************************
  22:Drivers/STM32F1xx_HAL_Driver/Src/stm32f1xx_hal_rcc_ex.c ****   */
  23:Drivers/STM32F1xx_HAL_Driver/Src/stm32f1xx_hal_rcc_ex.c **** 
  24:Drivers/STM32F1xx_HAL_Driver/Src/stm32f1xx_hal_rcc_ex.c **** /* Includes ------------------------------------------------------------------*/
  25:Drivers/STM32F1xx_HAL_Driver/Src/stm32f1xx_hal_rcc_ex.c **** #include "stm32f1xx_hal.h"
  26:Drivers/STM32F1xx_HAL_Driver/Src/stm32f1xx_hal_rcc_ex.c **** 
  27:Drivers/STM32F1xx_HAL_Driver/Src/stm32f1xx_hal_rcc_ex.c **** /** @addtogroup STM32F1xx_HAL_Driver
  28:Drivers/STM32F1xx_HAL_Driver/Src/stm32f1xx_hal_rcc_ex.c ****   * @{
  29:Drivers/STM32F1xx_HAL_Driver/Src/stm32f1xx_hal_rcc_ex.c ****   */
  30:Drivers/STM32F1xx_HAL_Driver/Src/stm32f1xx_hal_rcc_ex.c **** 
  31:Drivers/STM32F1xx_HAL_Driver/Src/stm32f1xx_hal_rcc_ex.c **** #ifdef HAL_RCC_MODULE_ENABLED
ARM GAS  C:\Users\qwertym\AppData\Local\Temp\ccVsr9rq.s 			page 2


  32:Drivers/STM32F1xx_HAL_Driver/Src/stm32f1xx_hal_rcc_ex.c **** 
  33:Drivers/STM32F1xx_HAL_Driver/Src/stm32f1xx_hal_rcc_ex.c **** /** @defgroup RCCEx RCCEx
  34:Drivers/STM32F1xx_HAL_Driver/Src/stm32f1xx_hal_rcc_ex.c ****   * @brief RCC Extension HAL module driver.
  35:Drivers/STM32F1xx_HAL_Driver/Src/stm32f1xx_hal_rcc_ex.c ****   * @{
  36:Drivers/STM32F1xx_HAL_Driver/Src/stm32f1xx_hal_rcc_ex.c ****   */
  37:Drivers/STM32F1xx_HAL_Driver/Src/stm32f1xx_hal_rcc_ex.c **** 
  38:Drivers/STM32F1xx_HAL_Driver/Src/stm32f1xx_hal_rcc_ex.c **** /* Private typedef -----------------------------------------------------------*/
  39:Drivers/STM32F1xx_HAL_Driver/Src/stm32f1xx_hal_rcc_ex.c **** /* Private define ------------------------------------------------------------*/
  40:Drivers/STM32F1xx_HAL_Driver/Src/stm32f1xx_hal_rcc_ex.c **** /** @defgroup RCCEx_Private_Constants RCCEx Private Constants
  41:Drivers/STM32F1xx_HAL_Driver/Src/stm32f1xx_hal_rcc_ex.c ****   * @{
  42:Drivers/STM32F1xx_HAL_Driver/Src/stm32f1xx_hal_rcc_ex.c ****   */
  43:Drivers/STM32F1xx_HAL_Driver/Src/stm32f1xx_hal_rcc_ex.c **** /**
  44:Drivers/STM32F1xx_HAL_Driver/Src/stm32f1xx_hal_rcc_ex.c ****   * @}
  45:Drivers/STM32F1xx_HAL_Driver/Src/stm32f1xx_hal_rcc_ex.c ****   */
  46:Drivers/STM32F1xx_HAL_Driver/Src/stm32f1xx_hal_rcc_ex.c **** 
  47:Drivers/STM32F1xx_HAL_Driver/Src/stm32f1xx_hal_rcc_ex.c **** /* Private macro -------------------------------------------------------------*/
  48:Drivers/STM32F1xx_HAL_Driver/Src/stm32f1xx_hal_rcc_ex.c **** /** @defgroup RCCEx_Private_Macros RCCEx Private Macros
  49:Drivers/STM32F1xx_HAL_Driver/Src/stm32f1xx_hal_rcc_ex.c ****   * @{
  50:Drivers/STM32F1xx_HAL_Driver/Src/stm32f1xx_hal_rcc_ex.c ****   */
  51:Drivers/STM32F1xx_HAL_Driver/Src/stm32f1xx_hal_rcc_ex.c **** /**
  52:Drivers/STM32F1xx_HAL_Driver/Src/stm32f1xx_hal_rcc_ex.c ****   * @}
  53:Drivers/STM32F1xx_HAL_Driver/Src/stm32f1xx_hal_rcc_ex.c ****   */
  54:Drivers/STM32F1xx_HAL_Driver/Src/stm32f1xx_hal_rcc_ex.c **** 
  55:Drivers/STM32F1xx_HAL_Driver/Src/stm32f1xx_hal_rcc_ex.c **** /* Private variables ---------------------------------------------------------*/
  56:Drivers/STM32F1xx_HAL_Driver/Src/stm32f1xx_hal_rcc_ex.c **** /* Private function prototypes -----------------------------------------------*/
  57:Drivers/STM32F1xx_HAL_Driver/Src/stm32f1xx_hal_rcc_ex.c **** /* Private functions ---------------------------------------------------------*/
  58:Drivers/STM32F1xx_HAL_Driver/Src/stm32f1xx_hal_rcc_ex.c **** 
  59:Drivers/STM32F1xx_HAL_Driver/Src/stm32f1xx_hal_rcc_ex.c **** /** @defgroup RCCEx_Exported_Functions RCCEx Exported Functions
  60:Drivers/STM32F1xx_HAL_Driver/Src/stm32f1xx_hal_rcc_ex.c ****   * @{
  61:Drivers/STM32F1xx_HAL_Driver/Src/stm32f1xx_hal_rcc_ex.c ****   */
  62:Drivers/STM32F1xx_HAL_Driver/Src/stm32f1xx_hal_rcc_ex.c **** 
  63:Drivers/STM32F1xx_HAL_Driver/Src/stm32f1xx_hal_rcc_ex.c **** /** @defgroup RCCEx_Exported_Functions_Group1 Peripheral Control functions
  64:Drivers/STM32F1xx_HAL_Driver/Src/stm32f1xx_hal_rcc_ex.c ****   *  @brief  Extended Peripheral Control functions
  65:Drivers/STM32F1xx_HAL_Driver/Src/stm32f1xx_hal_rcc_ex.c ****   *
  66:Drivers/STM32F1xx_HAL_Driver/Src/stm32f1xx_hal_rcc_ex.c **** @verbatim
  67:Drivers/STM32F1xx_HAL_Driver/Src/stm32f1xx_hal_rcc_ex.c ****  ===============================================================================
  68:Drivers/STM32F1xx_HAL_Driver/Src/stm32f1xx_hal_rcc_ex.c ****                 ##### Extended Peripheral Control functions  #####
  69:Drivers/STM32F1xx_HAL_Driver/Src/stm32f1xx_hal_rcc_ex.c ****  ===============================================================================
  70:Drivers/STM32F1xx_HAL_Driver/Src/stm32f1xx_hal_rcc_ex.c ****     [..]
  71:Drivers/STM32F1xx_HAL_Driver/Src/stm32f1xx_hal_rcc_ex.c ****     This subsection provides a set of functions allowing to control the RCC Clocks
  72:Drivers/STM32F1xx_HAL_Driver/Src/stm32f1xx_hal_rcc_ex.c ****     frequencies.
  73:Drivers/STM32F1xx_HAL_Driver/Src/stm32f1xx_hal_rcc_ex.c ****     [..]
  74:Drivers/STM32F1xx_HAL_Driver/Src/stm32f1xx_hal_rcc_ex.c ****     (@) Important note: Care must be taken when HAL_RCCEx_PeriphCLKConfig() is used to
  75:Drivers/STM32F1xx_HAL_Driver/Src/stm32f1xx_hal_rcc_ex.c ****         select the RTC clock source; in this case the Backup domain will be reset in
  76:Drivers/STM32F1xx_HAL_Driver/Src/stm32f1xx_hal_rcc_ex.c ****         order to modify the RTC Clock source, as consequence RTC registers (including
  77:Drivers/STM32F1xx_HAL_Driver/Src/stm32f1xx_hal_rcc_ex.c ****         the backup registers) are set to their reset values.
  78:Drivers/STM32F1xx_HAL_Driver/Src/stm32f1xx_hal_rcc_ex.c **** 
  79:Drivers/STM32F1xx_HAL_Driver/Src/stm32f1xx_hal_rcc_ex.c **** @endverbatim
  80:Drivers/STM32F1xx_HAL_Driver/Src/stm32f1xx_hal_rcc_ex.c ****   * @{
  81:Drivers/STM32F1xx_HAL_Driver/Src/stm32f1xx_hal_rcc_ex.c ****   */
  82:Drivers/STM32F1xx_HAL_Driver/Src/stm32f1xx_hal_rcc_ex.c **** 
  83:Drivers/STM32F1xx_HAL_Driver/Src/stm32f1xx_hal_rcc_ex.c **** /**
  84:Drivers/STM32F1xx_HAL_Driver/Src/stm32f1xx_hal_rcc_ex.c ****   * @brief  Initializes the RCC extended peripherals clocks according to the specified parameters i
  85:Drivers/STM32F1xx_HAL_Driver/Src/stm32f1xx_hal_rcc_ex.c ****   *         RCC_PeriphCLKInitTypeDef.
  86:Drivers/STM32F1xx_HAL_Driver/Src/stm32f1xx_hal_rcc_ex.c ****   * @param  PeriphClkInit pointer to an RCC_PeriphCLKInitTypeDef structure that
  87:Drivers/STM32F1xx_HAL_Driver/Src/stm32f1xx_hal_rcc_ex.c ****   *         contains the configuration information for the Extended Peripherals clocks(RTC clock).
  88:Drivers/STM32F1xx_HAL_Driver/Src/stm32f1xx_hal_rcc_ex.c ****   *
ARM GAS  C:\Users\qwertym\AppData\Local\Temp\ccVsr9rq.s 			page 3


  89:Drivers/STM32F1xx_HAL_Driver/Src/stm32f1xx_hal_rcc_ex.c ****   * @note   Care must be taken when HAL_RCCEx_PeriphCLKConfig() is used to select
  90:Drivers/STM32F1xx_HAL_Driver/Src/stm32f1xx_hal_rcc_ex.c ****   *         the RTC clock source; in this case the Backup domain will be reset in
  91:Drivers/STM32F1xx_HAL_Driver/Src/stm32f1xx_hal_rcc_ex.c ****   *         order to modify the RTC Clock source, as consequence RTC registers (including
  92:Drivers/STM32F1xx_HAL_Driver/Src/stm32f1xx_hal_rcc_ex.c ****   *         the backup registers) are set to their reset values.
  93:Drivers/STM32F1xx_HAL_Driver/Src/stm32f1xx_hal_rcc_ex.c ****   *
  94:Drivers/STM32F1xx_HAL_Driver/Src/stm32f1xx_hal_rcc_ex.c ****   * @note   In case of STM32F105xC or STM32F107xC devices, PLLI2S will be enabled if requested on
  95:Drivers/STM32F1xx_HAL_Driver/Src/stm32f1xx_hal_rcc_ex.c ****   *         one of 2 I2S interfaces. When PLLI2S is enabled, you need to call HAL_RCCEx_DisablePLLI
  96:Drivers/STM32F1xx_HAL_Driver/Src/stm32f1xx_hal_rcc_ex.c ****   *         manually disable it.
  97:Drivers/STM32F1xx_HAL_Driver/Src/stm32f1xx_hal_rcc_ex.c ****   *
  98:Drivers/STM32F1xx_HAL_Driver/Src/stm32f1xx_hal_rcc_ex.c ****   * @retval HAL status
  99:Drivers/STM32F1xx_HAL_Driver/Src/stm32f1xx_hal_rcc_ex.c ****   */
 100:Drivers/STM32F1xx_HAL_Driver/Src/stm32f1xx_hal_rcc_ex.c **** HAL_StatusTypeDef HAL_RCCEx_PeriphCLKConfig(RCC_PeriphCLKInitTypeDef  *PeriphClkInit)
 101:Drivers/STM32F1xx_HAL_Driver/Src/stm32f1xx_hal_rcc_ex.c **** {
  28              		.loc 1 101 1 view -0
  29              		.cfi_startproc
  30              		@ args = 0, pretend = 0, frame = 8
  31              		@ frame_needed = 0, uses_anonymous_args = 0
  32              		.loc 1 101 1 is_stmt 0 view .LVU1
  33 0000 70B5     		push	{r4, r5, r6, lr}
  34              		.cfi_def_cfa_offset 16
  35              		.cfi_offset 4, -16
  36              		.cfi_offset 5, -12
  37              		.cfi_offset 6, -8
  38              		.cfi_offset 14, -4
  39 0002 82B0     		sub	sp, sp, #8
  40              		.cfi_def_cfa_offset 24
  41 0004 0446     		mov	r4, r0
 102:Drivers/STM32F1xx_HAL_Driver/Src/stm32f1xx_hal_rcc_ex.c ****   uint32_t tickstart = 0U, temp_reg = 0U;
  42              		.loc 1 102 3 is_stmt 1 view .LVU2
  43              	.LVL1:
 103:Drivers/STM32F1xx_HAL_Driver/Src/stm32f1xx_hal_rcc_ex.c **** #if defined(STM32F105xC) || defined(STM32F107xC)
 104:Drivers/STM32F1xx_HAL_Driver/Src/stm32f1xx_hal_rcc_ex.c ****   uint32_t  pllactive = 0U;
 105:Drivers/STM32F1xx_HAL_Driver/Src/stm32f1xx_hal_rcc_ex.c **** #endif /* STM32F105xC || STM32F107xC */
 106:Drivers/STM32F1xx_HAL_Driver/Src/stm32f1xx_hal_rcc_ex.c **** 
 107:Drivers/STM32F1xx_HAL_Driver/Src/stm32f1xx_hal_rcc_ex.c ****   /* Check the parameters */
 108:Drivers/STM32F1xx_HAL_Driver/Src/stm32f1xx_hal_rcc_ex.c ****   assert_param(IS_RCC_PERIPHCLOCK(PeriphClkInit->PeriphClockSelection));
  44              		.loc 1 108 3 view .LVU3
 109:Drivers/STM32F1xx_HAL_Driver/Src/stm32f1xx_hal_rcc_ex.c **** 
 110:Drivers/STM32F1xx_HAL_Driver/Src/stm32f1xx_hal_rcc_ex.c ****   /*------------------------------- RTC/LCD Configuration ------------------------*/
 111:Drivers/STM32F1xx_HAL_Driver/Src/stm32f1xx_hal_rcc_ex.c ****   if ((((PeriphClkInit->PeriphClockSelection) & RCC_PERIPHCLK_RTC) == RCC_PERIPHCLK_RTC))
  45              		.loc 1 111 3 view .LVU4
  46              		.loc 1 111 23 is_stmt 0 view .LVU5
  47 0006 0368     		ldr	r3, [r0]
  48              		.loc 1 111 6 view .LVU6
  49 0008 13F0010F 		tst	r3, #1
  50 000c 36D0     		beq	.L2
  51              	.LBB2:
 112:Drivers/STM32F1xx_HAL_Driver/Src/stm32f1xx_hal_rcc_ex.c ****   {
 113:Drivers/STM32F1xx_HAL_Driver/Src/stm32f1xx_hal_rcc_ex.c ****     FlagStatus pwrclkchanged = RESET;
  52              		.loc 1 113 5 is_stmt 1 view .LVU7
  53              	.LVL2:
 114:Drivers/STM32F1xx_HAL_Driver/Src/stm32f1xx_hal_rcc_ex.c **** 
 115:Drivers/STM32F1xx_HAL_Driver/Src/stm32f1xx_hal_rcc_ex.c ****     /* check for RTC Parameters used to output RTCCLK */
 116:Drivers/STM32F1xx_HAL_Driver/Src/stm32f1xx_hal_rcc_ex.c ****     assert_param(IS_RCC_RTCCLKSOURCE(PeriphClkInit->RTCClockSelection));
  54              		.loc 1 116 5 view .LVU8
 117:Drivers/STM32F1xx_HAL_Driver/Src/stm32f1xx_hal_rcc_ex.c **** 
 118:Drivers/STM32F1xx_HAL_Driver/Src/stm32f1xx_hal_rcc_ex.c ****     /* As soon as function is called to change RTC clock source, activation of the
ARM GAS  C:\Users\qwertym\AppData\Local\Temp\ccVsr9rq.s 			page 4


 119:Drivers/STM32F1xx_HAL_Driver/Src/stm32f1xx_hal_rcc_ex.c ****        power domain is done. */
 120:Drivers/STM32F1xx_HAL_Driver/Src/stm32f1xx_hal_rcc_ex.c ****     /* Requires to enable write access to Backup Domain of necessary */
 121:Drivers/STM32F1xx_HAL_Driver/Src/stm32f1xx_hal_rcc_ex.c ****     if (__HAL_RCC_PWR_IS_CLK_DISABLED())
  55              		.loc 1 121 5 view .LVU9
  56              		.loc 1 121 9 is_stmt 0 view .LVU10
  57 000e 3F4B     		ldr	r3, .L20
  58 0010 DB69     		ldr	r3, [r3, #28]
  59              		.loc 1 121 8 view .LVU11
  60 0012 13F0805F 		tst	r3, #268435456
  61 0016 49D1     		bne	.L12
 122:Drivers/STM32F1xx_HAL_Driver/Src/stm32f1xx_hal_rcc_ex.c ****     {
 123:Drivers/STM32F1xx_HAL_Driver/Src/stm32f1xx_hal_rcc_ex.c ****       __HAL_RCC_PWR_CLK_ENABLE();
  62              		.loc 1 123 7 is_stmt 1 view .LVU12
  63              	.LBB3:
  64              		.loc 1 123 7 view .LVU13
  65              		.loc 1 123 7 view .LVU14
  66 0018 3C4B     		ldr	r3, .L20
  67 001a DA69     		ldr	r2, [r3, #28]
  68 001c 42F08052 		orr	r2, r2, #268435456
  69 0020 DA61     		str	r2, [r3, #28]
  70              		.loc 1 123 7 view .LVU15
  71 0022 DB69     		ldr	r3, [r3, #28]
  72 0024 03F08053 		and	r3, r3, #268435456
  73 0028 0193     		str	r3, [sp, #4]
  74              		.loc 1 123 7 view .LVU16
  75 002a 019B     		ldr	r3, [sp, #4]
  76              	.LBE3:
  77              		.loc 1 123 7 view .LVU17
 124:Drivers/STM32F1xx_HAL_Driver/Src/stm32f1xx_hal_rcc_ex.c ****       pwrclkchanged = SET;
  78              		.loc 1 124 7 view .LVU18
  79              	.LVL3:
  80              		.loc 1 124 21 is_stmt 0 view .LVU19
  81 002c 0125     		movs	r5, #1
  82              	.LVL4:
  83              	.L3:
 125:Drivers/STM32F1xx_HAL_Driver/Src/stm32f1xx_hal_rcc_ex.c ****     }
 126:Drivers/STM32F1xx_HAL_Driver/Src/stm32f1xx_hal_rcc_ex.c **** 
 127:Drivers/STM32F1xx_HAL_Driver/Src/stm32f1xx_hal_rcc_ex.c ****     if (HAL_IS_BIT_CLR(PWR->CR, PWR_CR_DBP))
  84              		.loc 1 127 5 is_stmt 1 view .LVU20
  85              		.loc 1 127 9 is_stmt 0 view .LVU21
  86 002e 384B     		ldr	r3, .L20+4
  87 0030 1B68     		ldr	r3, [r3]
  88              		.loc 1 127 8 view .LVU22
  89 0032 13F4807F 		tst	r3, #256
  90 0036 3BD0     		beq	.L17
  91              	.LVL5:
  92              	.L4:
 128:Drivers/STM32F1xx_HAL_Driver/Src/stm32f1xx_hal_rcc_ex.c ****     {
 129:Drivers/STM32F1xx_HAL_Driver/Src/stm32f1xx_hal_rcc_ex.c ****       /* Enable write access to Backup domain */
 130:Drivers/STM32F1xx_HAL_Driver/Src/stm32f1xx_hal_rcc_ex.c ****       SET_BIT(PWR->CR, PWR_CR_DBP);
 131:Drivers/STM32F1xx_HAL_Driver/Src/stm32f1xx_hal_rcc_ex.c **** 
 132:Drivers/STM32F1xx_HAL_Driver/Src/stm32f1xx_hal_rcc_ex.c ****       /* Wait for Backup domain Write protection disable */
 133:Drivers/STM32F1xx_HAL_Driver/Src/stm32f1xx_hal_rcc_ex.c ****       tickstart = HAL_GetTick();
 134:Drivers/STM32F1xx_HAL_Driver/Src/stm32f1xx_hal_rcc_ex.c **** 
 135:Drivers/STM32F1xx_HAL_Driver/Src/stm32f1xx_hal_rcc_ex.c ****       while (HAL_IS_BIT_CLR(PWR->CR, PWR_CR_DBP))
 136:Drivers/STM32F1xx_HAL_Driver/Src/stm32f1xx_hal_rcc_ex.c ****       {
 137:Drivers/STM32F1xx_HAL_Driver/Src/stm32f1xx_hal_rcc_ex.c ****         if ((HAL_GetTick() - tickstart) > RCC_DBP_TIMEOUT_VALUE)
ARM GAS  C:\Users\qwertym\AppData\Local\Temp\ccVsr9rq.s 			page 5


 138:Drivers/STM32F1xx_HAL_Driver/Src/stm32f1xx_hal_rcc_ex.c ****         {
 139:Drivers/STM32F1xx_HAL_Driver/Src/stm32f1xx_hal_rcc_ex.c ****           return HAL_TIMEOUT;
 140:Drivers/STM32F1xx_HAL_Driver/Src/stm32f1xx_hal_rcc_ex.c ****         }
 141:Drivers/STM32F1xx_HAL_Driver/Src/stm32f1xx_hal_rcc_ex.c ****       }
 142:Drivers/STM32F1xx_HAL_Driver/Src/stm32f1xx_hal_rcc_ex.c ****     }
 143:Drivers/STM32F1xx_HAL_Driver/Src/stm32f1xx_hal_rcc_ex.c **** 
 144:Drivers/STM32F1xx_HAL_Driver/Src/stm32f1xx_hal_rcc_ex.c ****     /* Reset the Backup domain only if the RTC Clock source selection is modified from reset value 
 145:Drivers/STM32F1xx_HAL_Driver/Src/stm32f1xx_hal_rcc_ex.c ****     temp_reg = (RCC->BDCR & RCC_BDCR_RTCSEL);
  93              		.loc 1 145 5 is_stmt 1 view .LVU23
  94              		.loc 1 145 20 is_stmt 0 view .LVU24
  95 0038 344B     		ldr	r3, .L20
  96 003a 1B6A     		ldr	r3, [r3, #32]
  97              	.LVL6:
 146:Drivers/STM32F1xx_HAL_Driver/Src/stm32f1xx_hal_rcc_ex.c ****     if ((temp_reg != 0x00000000U) && (temp_reg != (PeriphClkInit->RTCClockSelection & RCC_BDCR_RTCS
  98              		.loc 1 146 5 is_stmt 1 view .LVU25
  99              		.loc 1 146 8 is_stmt 0 view .LVU26
 100 003c 13F44073 		ands	r3, r3, #768
 101              	.LVL7:
 102              		.loc 1 146 8 view .LVU27
 103 0040 13D0     		beq	.L8
 104              		.loc 1 146 65 discriminator 1 view .LVU28
 105 0042 6268     		ldr	r2, [r4, #4]
 106              		.loc 1 146 85 discriminator 1 view .LVU29
 107 0044 02F44072 		and	r2, r2, #768
 108              		.loc 1 146 35 discriminator 1 view .LVU30
 109 0048 9A42     		cmp	r2, r3
 110 004a 0ED0     		beq	.L8
 147:Drivers/STM32F1xx_HAL_Driver/Src/stm32f1xx_hal_rcc_ex.c ****     {
 148:Drivers/STM32F1xx_HAL_Driver/Src/stm32f1xx_hal_rcc_ex.c ****       /* Store the content of BDCR register before the reset of Backup Domain */
 149:Drivers/STM32F1xx_HAL_Driver/Src/stm32f1xx_hal_rcc_ex.c ****       temp_reg = (RCC->BDCR & ~(RCC_BDCR_RTCSEL));
 111              		.loc 1 149 7 is_stmt 1 view .LVU31
 112              		.loc 1 149 22 is_stmt 0 view .LVU32
 113 004c 2F4A     		ldr	r2, .L20
 114 004e 136A     		ldr	r3, [r2, #32]
 115              	.LVL8:
 116              		.loc 1 149 16 view .LVU33
 117 0050 23F44070 		bic	r0, r3, #768
 118              	.LVL9:
 150:Drivers/STM32F1xx_HAL_Driver/Src/stm32f1xx_hal_rcc_ex.c ****       /* RTC Clock selection can be changed only if the Backup Domain is reset */
 151:Drivers/STM32F1xx_HAL_Driver/Src/stm32f1xx_hal_rcc_ex.c ****       __HAL_RCC_BACKUPRESET_FORCE();
 119              		.loc 1 151 7 is_stmt 1 view .LVU34
 120 0054 2F49     		ldr	r1, .L20+8
 121 0056 0126     		movs	r6, #1
 122 0058 C1F84064 		str	r6, [r1, #1088]
 152:Drivers/STM32F1xx_HAL_Driver/Src/stm32f1xx_hal_rcc_ex.c ****       __HAL_RCC_BACKUPRESET_RELEASE();
 123              		.loc 1 152 7 view .LVU35
 124 005c 0026     		movs	r6, #0
 125 005e C1F84064 		str	r6, [r1, #1088]
 153:Drivers/STM32F1xx_HAL_Driver/Src/stm32f1xx_hal_rcc_ex.c ****       /* Restore the Content of BDCR register */
 154:Drivers/STM32F1xx_HAL_Driver/Src/stm32f1xx_hal_rcc_ex.c ****       RCC->BDCR = temp_reg;
 126              		.loc 1 154 7 view .LVU36
 127              		.loc 1 154 17 is_stmt 0 view .LVU37
 128 0062 1062     		str	r0, [r2, #32]
 155:Drivers/STM32F1xx_HAL_Driver/Src/stm32f1xx_hal_rcc_ex.c **** 
 156:Drivers/STM32F1xx_HAL_Driver/Src/stm32f1xx_hal_rcc_ex.c ****       /* Wait for LSERDY if LSE was enabled */
 157:Drivers/STM32F1xx_HAL_Driver/Src/stm32f1xx_hal_rcc_ex.c ****       if (HAL_IS_BIT_SET(temp_reg, RCC_BDCR_LSEON))
 129              		.loc 1 157 7 is_stmt 1 view .LVU38
ARM GAS  C:\Users\qwertym\AppData\Local\Temp\ccVsr9rq.s 			page 6


 130              		.loc 1 157 10 is_stmt 0 view .LVU39
 131 0064 13F0010F 		tst	r3, #1
 132 0068 36D1     		bne	.L18
 133              	.LVL10:
 134              	.L8:
 158:Drivers/STM32F1xx_HAL_Driver/Src/stm32f1xx_hal_rcc_ex.c ****       {
 159:Drivers/STM32F1xx_HAL_Driver/Src/stm32f1xx_hal_rcc_ex.c ****         /* Get Start Tick */
 160:Drivers/STM32F1xx_HAL_Driver/Src/stm32f1xx_hal_rcc_ex.c ****         tickstart = HAL_GetTick();
 161:Drivers/STM32F1xx_HAL_Driver/Src/stm32f1xx_hal_rcc_ex.c **** 
 162:Drivers/STM32F1xx_HAL_Driver/Src/stm32f1xx_hal_rcc_ex.c ****         /* Wait till LSE is ready */
 163:Drivers/STM32F1xx_HAL_Driver/Src/stm32f1xx_hal_rcc_ex.c ****         while (__HAL_RCC_GET_FLAG(RCC_FLAG_LSERDY) == RESET)
 164:Drivers/STM32F1xx_HAL_Driver/Src/stm32f1xx_hal_rcc_ex.c ****         {
 165:Drivers/STM32F1xx_HAL_Driver/Src/stm32f1xx_hal_rcc_ex.c ****           if ((HAL_GetTick() - tickstart) > RCC_LSE_TIMEOUT_VALUE)
 166:Drivers/STM32F1xx_HAL_Driver/Src/stm32f1xx_hal_rcc_ex.c ****           {
 167:Drivers/STM32F1xx_HAL_Driver/Src/stm32f1xx_hal_rcc_ex.c ****             return HAL_TIMEOUT;
 168:Drivers/STM32F1xx_HAL_Driver/Src/stm32f1xx_hal_rcc_ex.c ****           }
 169:Drivers/STM32F1xx_HAL_Driver/Src/stm32f1xx_hal_rcc_ex.c ****         }
 170:Drivers/STM32F1xx_HAL_Driver/Src/stm32f1xx_hal_rcc_ex.c ****       }
 171:Drivers/STM32F1xx_HAL_Driver/Src/stm32f1xx_hal_rcc_ex.c ****     }
 172:Drivers/STM32F1xx_HAL_Driver/Src/stm32f1xx_hal_rcc_ex.c ****     __HAL_RCC_RTC_CONFIG(PeriphClkInit->RTCClockSelection);
 135              		.loc 1 172 5 is_stmt 1 view .LVU40
 136 006a 284A     		ldr	r2, .L20
 137 006c 136A     		ldr	r3, [r2, #32]
 138 006e 23F44073 		bic	r3, r3, #768
 139 0072 6168     		ldr	r1, [r4, #4]
 140 0074 0B43     		orrs	r3, r3, r1
 141 0076 1362     		str	r3, [r2, #32]
 173:Drivers/STM32F1xx_HAL_Driver/Src/stm32f1xx_hal_rcc_ex.c **** 
 174:Drivers/STM32F1xx_HAL_Driver/Src/stm32f1xx_hal_rcc_ex.c ****     /* Require to disable power clock if necessary */
 175:Drivers/STM32F1xx_HAL_Driver/Src/stm32f1xx_hal_rcc_ex.c ****     if (pwrclkchanged == SET)
 142              		.loc 1 175 5 view .LVU41
 143              		.loc 1 175 8 is_stmt 0 view .LVU42
 144 0078 002D     		cmp	r5, #0
 145 007a 3ED1     		bne	.L19
 146              	.LVL11:
 147              	.L2:
 148              		.loc 1 175 8 view .LVU43
 149              	.LBE2:
 176:Drivers/STM32F1xx_HAL_Driver/Src/stm32f1xx_hal_rcc_ex.c ****     {
 177:Drivers/STM32F1xx_HAL_Driver/Src/stm32f1xx_hal_rcc_ex.c ****       __HAL_RCC_PWR_CLK_DISABLE();
 178:Drivers/STM32F1xx_HAL_Driver/Src/stm32f1xx_hal_rcc_ex.c ****     }
 179:Drivers/STM32F1xx_HAL_Driver/Src/stm32f1xx_hal_rcc_ex.c ****   }
 180:Drivers/STM32F1xx_HAL_Driver/Src/stm32f1xx_hal_rcc_ex.c **** 
 181:Drivers/STM32F1xx_HAL_Driver/Src/stm32f1xx_hal_rcc_ex.c ****   /*------------------------------ ADC clock Configuration ------------------*/
 182:Drivers/STM32F1xx_HAL_Driver/Src/stm32f1xx_hal_rcc_ex.c ****   if (((PeriphClkInit->PeriphClockSelection) & RCC_PERIPHCLK_ADC) == RCC_PERIPHCLK_ADC)
 150              		.loc 1 182 3 is_stmt 1 view .LVU44
 151              		.loc 1 182 22 is_stmt 0 view .LVU45
 152 007c 2368     		ldr	r3, [r4]
 153              		.loc 1 182 6 view .LVU46
 154 007e 13F0020F 		tst	r3, #2
 155 0082 06D0     		beq	.L11
 183:Drivers/STM32F1xx_HAL_Driver/Src/stm32f1xx_hal_rcc_ex.c ****   {
 184:Drivers/STM32F1xx_HAL_Driver/Src/stm32f1xx_hal_rcc_ex.c ****     /* Check the parameters */
 185:Drivers/STM32F1xx_HAL_Driver/Src/stm32f1xx_hal_rcc_ex.c ****     assert_param(IS_RCC_ADCPLLCLK_DIV(PeriphClkInit->AdcClockSelection));
 156              		.loc 1 185 5 is_stmt 1 view .LVU47
 186:Drivers/STM32F1xx_HAL_Driver/Src/stm32f1xx_hal_rcc_ex.c **** 
 187:Drivers/STM32F1xx_HAL_Driver/Src/stm32f1xx_hal_rcc_ex.c ****     /* Configure the ADC clock source */
ARM GAS  C:\Users\qwertym\AppData\Local\Temp\ccVsr9rq.s 			page 7


 188:Drivers/STM32F1xx_HAL_Driver/Src/stm32f1xx_hal_rcc_ex.c ****     __HAL_RCC_ADC_CONFIG(PeriphClkInit->AdcClockSelection);
 157              		.loc 1 188 5 view .LVU48
 158 0084 214A     		ldr	r2, .L20
 159 0086 5368     		ldr	r3, [r2, #4]
 160 0088 23F44043 		bic	r3, r3, #49152
 161 008c A168     		ldr	r1, [r4, #8]
 162 008e 0B43     		orrs	r3, r3, r1
 163 0090 5360     		str	r3, [r2, #4]
 164              	.L11:
 189:Drivers/STM32F1xx_HAL_Driver/Src/stm32f1xx_hal_rcc_ex.c ****   }
 190:Drivers/STM32F1xx_HAL_Driver/Src/stm32f1xx_hal_rcc_ex.c **** 
 191:Drivers/STM32F1xx_HAL_Driver/Src/stm32f1xx_hal_rcc_ex.c **** #if defined(STM32F105xC) || defined(STM32F107xC)
 192:Drivers/STM32F1xx_HAL_Driver/Src/stm32f1xx_hal_rcc_ex.c ****   /*------------------------------ I2S2 Configuration ------------------------*/
 193:Drivers/STM32F1xx_HAL_Driver/Src/stm32f1xx_hal_rcc_ex.c ****   if (((PeriphClkInit->PeriphClockSelection) & RCC_PERIPHCLK_I2S2) == RCC_PERIPHCLK_I2S2)
 194:Drivers/STM32F1xx_HAL_Driver/Src/stm32f1xx_hal_rcc_ex.c ****   {
 195:Drivers/STM32F1xx_HAL_Driver/Src/stm32f1xx_hal_rcc_ex.c ****     /* Check the parameters */
 196:Drivers/STM32F1xx_HAL_Driver/Src/stm32f1xx_hal_rcc_ex.c ****     assert_param(IS_RCC_I2S2CLKSOURCE(PeriphClkInit->I2s2ClockSelection));
 197:Drivers/STM32F1xx_HAL_Driver/Src/stm32f1xx_hal_rcc_ex.c **** 
 198:Drivers/STM32F1xx_HAL_Driver/Src/stm32f1xx_hal_rcc_ex.c ****     /* Configure the I2S2 clock source */
 199:Drivers/STM32F1xx_HAL_Driver/Src/stm32f1xx_hal_rcc_ex.c ****     __HAL_RCC_I2S2_CONFIG(PeriphClkInit->I2s2ClockSelection);
 200:Drivers/STM32F1xx_HAL_Driver/Src/stm32f1xx_hal_rcc_ex.c ****   }
 201:Drivers/STM32F1xx_HAL_Driver/Src/stm32f1xx_hal_rcc_ex.c **** 
 202:Drivers/STM32F1xx_HAL_Driver/Src/stm32f1xx_hal_rcc_ex.c ****   /*------------------------------ I2S3 Configuration ------------------------*/
 203:Drivers/STM32F1xx_HAL_Driver/Src/stm32f1xx_hal_rcc_ex.c ****   if (((PeriphClkInit->PeriphClockSelection) & RCC_PERIPHCLK_I2S3) == RCC_PERIPHCLK_I2S3)
 204:Drivers/STM32F1xx_HAL_Driver/Src/stm32f1xx_hal_rcc_ex.c ****   {
 205:Drivers/STM32F1xx_HAL_Driver/Src/stm32f1xx_hal_rcc_ex.c ****     /* Check the parameters */
 206:Drivers/STM32F1xx_HAL_Driver/Src/stm32f1xx_hal_rcc_ex.c ****     assert_param(IS_RCC_I2S3CLKSOURCE(PeriphClkInit->I2s3ClockSelection));
 207:Drivers/STM32F1xx_HAL_Driver/Src/stm32f1xx_hal_rcc_ex.c **** 
 208:Drivers/STM32F1xx_HAL_Driver/Src/stm32f1xx_hal_rcc_ex.c ****     /* Configure the I2S3 clock source */
 209:Drivers/STM32F1xx_HAL_Driver/Src/stm32f1xx_hal_rcc_ex.c ****     __HAL_RCC_I2S3_CONFIG(PeriphClkInit->I2s3ClockSelection);
 210:Drivers/STM32F1xx_HAL_Driver/Src/stm32f1xx_hal_rcc_ex.c ****   }
 211:Drivers/STM32F1xx_HAL_Driver/Src/stm32f1xx_hal_rcc_ex.c **** 
 212:Drivers/STM32F1xx_HAL_Driver/Src/stm32f1xx_hal_rcc_ex.c ****   /*------------------------------ PLL I2S Configuration ----------------------*/
 213:Drivers/STM32F1xx_HAL_Driver/Src/stm32f1xx_hal_rcc_ex.c ****   /* Check that PLLI2S need to be enabled */
 214:Drivers/STM32F1xx_HAL_Driver/Src/stm32f1xx_hal_rcc_ex.c ****   if (HAL_IS_BIT_SET(RCC->CFGR2, RCC_CFGR2_I2S2SRC) || HAL_IS_BIT_SET(RCC->CFGR2, RCC_CFGR2_I2S3SRC
 215:Drivers/STM32F1xx_HAL_Driver/Src/stm32f1xx_hal_rcc_ex.c ****   {
 216:Drivers/STM32F1xx_HAL_Driver/Src/stm32f1xx_hal_rcc_ex.c ****     /* Update flag to indicate that PLL I2S should be active */
 217:Drivers/STM32F1xx_HAL_Driver/Src/stm32f1xx_hal_rcc_ex.c ****     pllactive = 1;
 218:Drivers/STM32F1xx_HAL_Driver/Src/stm32f1xx_hal_rcc_ex.c ****   }
 219:Drivers/STM32F1xx_HAL_Driver/Src/stm32f1xx_hal_rcc_ex.c **** 
 220:Drivers/STM32F1xx_HAL_Driver/Src/stm32f1xx_hal_rcc_ex.c ****   /* Check if PLL I2S need to be enabled */
 221:Drivers/STM32F1xx_HAL_Driver/Src/stm32f1xx_hal_rcc_ex.c ****   if (pllactive == 1)
 222:Drivers/STM32F1xx_HAL_Driver/Src/stm32f1xx_hal_rcc_ex.c ****   {
 223:Drivers/STM32F1xx_HAL_Driver/Src/stm32f1xx_hal_rcc_ex.c ****     /* Enable PLL I2S only if not active */
 224:Drivers/STM32F1xx_HAL_Driver/Src/stm32f1xx_hal_rcc_ex.c ****     if (HAL_IS_BIT_CLR(RCC->CR, RCC_CR_PLL3ON))
 225:Drivers/STM32F1xx_HAL_Driver/Src/stm32f1xx_hal_rcc_ex.c ****     {
 226:Drivers/STM32F1xx_HAL_Driver/Src/stm32f1xx_hal_rcc_ex.c ****       /* Check the parameters */
 227:Drivers/STM32F1xx_HAL_Driver/Src/stm32f1xx_hal_rcc_ex.c ****       assert_param(IS_RCC_PLLI2S_MUL(PeriphClkInit->PLLI2S.PLLI2SMUL));
 228:Drivers/STM32F1xx_HAL_Driver/Src/stm32f1xx_hal_rcc_ex.c ****       assert_param(IS_RCC_HSE_PREDIV2(PeriphClkInit->PLLI2S.HSEPrediv2Value));
 229:Drivers/STM32F1xx_HAL_Driver/Src/stm32f1xx_hal_rcc_ex.c **** 
 230:Drivers/STM32F1xx_HAL_Driver/Src/stm32f1xx_hal_rcc_ex.c ****       /* Prediv2 can be written only when the PLL2 is disabled. */
 231:Drivers/STM32F1xx_HAL_Driver/Src/stm32f1xx_hal_rcc_ex.c ****       /* Return an error only if new value is different from the programmed value */
 232:Drivers/STM32F1xx_HAL_Driver/Src/stm32f1xx_hal_rcc_ex.c ****       if (HAL_IS_BIT_SET(RCC->CR, RCC_CR_PLL2ON) && \
 233:Drivers/STM32F1xx_HAL_Driver/Src/stm32f1xx_hal_rcc_ex.c ****           (__HAL_RCC_HSE_GET_PREDIV2() != PeriphClkInit->PLLI2S.HSEPrediv2Value))
 234:Drivers/STM32F1xx_HAL_Driver/Src/stm32f1xx_hal_rcc_ex.c ****       {
 235:Drivers/STM32F1xx_HAL_Driver/Src/stm32f1xx_hal_rcc_ex.c ****         return HAL_ERROR;
 236:Drivers/STM32F1xx_HAL_Driver/Src/stm32f1xx_hal_rcc_ex.c ****       }
ARM GAS  C:\Users\qwertym\AppData\Local\Temp\ccVsr9rq.s 			page 8


 237:Drivers/STM32F1xx_HAL_Driver/Src/stm32f1xx_hal_rcc_ex.c **** 
 238:Drivers/STM32F1xx_HAL_Driver/Src/stm32f1xx_hal_rcc_ex.c ****       /* Configure the HSE prediv2 factor --------------------------------*/
 239:Drivers/STM32F1xx_HAL_Driver/Src/stm32f1xx_hal_rcc_ex.c ****       __HAL_RCC_HSE_PREDIV2_CONFIG(PeriphClkInit->PLLI2S.HSEPrediv2Value);
 240:Drivers/STM32F1xx_HAL_Driver/Src/stm32f1xx_hal_rcc_ex.c **** 
 241:Drivers/STM32F1xx_HAL_Driver/Src/stm32f1xx_hal_rcc_ex.c ****       /* Configure the main PLLI2S multiplication factors. */
 242:Drivers/STM32F1xx_HAL_Driver/Src/stm32f1xx_hal_rcc_ex.c ****       __HAL_RCC_PLLI2S_CONFIG(PeriphClkInit->PLLI2S.PLLI2SMUL);
 243:Drivers/STM32F1xx_HAL_Driver/Src/stm32f1xx_hal_rcc_ex.c **** 
 244:Drivers/STM32F1xx_HAL_Driver/Src/stm32f1xx_hal_rcc_ex.c ****       /* Enable the main PLLI2S. */
 245:Drivers/STM32F1xx_HAL_Driver/Src/stm32f1xx_hal_rcc_ex.c ****       __HAL_RCC_PLLI2S_ENABLE();
 246:Drivers/STM32F1xx_HAL_Driver/Src/stm32f1xx_hal_rcc_ex.c **** 
 247:Drivers/STM32F1xx_HAL_Driver/Src/stm32f1xx_hal_rcc_ex.c ****       /* Get Start Tick*/
 248:Drivers/STM32F1xx_HAL_Driver/Src/stm32f1xx_hal_rcc_ex.c ****       tickstart = HAL_GetTick();
 249:Drivers/STM32F1xx_HAL_Driver/Src/stm32f1xx_hal_rcc_ex.c **** 
 250:Drivers/STM32F1xx_HAL_Driver/Src/stm32f1xx_hal_rcc_ex.c ****       /* Wait till PLLI2S is ready */
 251:Drivers/STM32F1xx_HAL_Driver/Src/stm32f1xx_hal_rcc_ex.c ****       while (__HAL_RCC_GET_FLAG(RCC_FLAG_PLLI2SRDY)  == RESET)
 252:Drivers/STM32F1xx_HAL_Driver/Src/stm32f1xx_hal_rcc_ex.c ****       {
 253:Drivers/STM32F1xx_HAL_Driver/Src/stm32f1xx_hal_rcc_ex.c ****         if ((HAL_GetTick() - tickstart) > PLLI2S_TIMEOUT_VALUE)
 254:Drivers/STM32F1xx_HAL_Driver/Src/stm32f1xx_hal_rcc_ex.c ****         {
 255:Drivers/STM32F1xx_HAL_Driver/Src/stm32f1xx_hal_rcc_ex.c ****           return HAL_TIMEOUT;
 256:Drivers/STM32F1xx_HAL_Driver/Src/stm32f1xx_hal_rcc_ex.c ****         }
 257:Drivers/STM32F1xx_HAL_Driver/Src/stm32f1xx_hal_rcc_ex.c ****       }
 258:Drivers/STM32F1xx_HAL_Driver/Src/stm32f1xx_hal_rcc_ex.c ****     }
 259:Drivers/STM32F1xx_HAL_Driver/Src/stm32f1xx_hal_rcc_ex.c ****     else
 260:Drivers/STM32F1xx_HAL_Driver/Src/stm32f1xx_hal_rcc_ex.c ****     {
 261:Drivers/STM32F1xx_HAL_Driver/Src/stm32f1xx_hal_rcc_ex.c ****       /* Return an error only if user wants to change the PLLI2SMUL whereas PLLI2S is active */
 262:Drivers/STM32F1xx_HAL_Driver/Src/stm32f1xx_hal_rcc_ex.c ****       if (READ_BIT(RCC->CFGR2, RCC_CFGR2_PLL3MUL) != PeriphClkInit->PLLI2S.PLLI2SMUL)
 263:Drivers/STM32F1xx_HAL_Driver/Src/stm32f1xx_hal_rcc_ex.c ****       {
 264:Drivers/STM32F1xx_HAL_Driver/Src/stm32f1xx_hal_rcc_ex.c ****         return HAL_ERROR;
 265:Drivers/STM32F1xx_HAL_Driver/Src/stm32f1xx_hal_rcc_ex.c ****       }
 266:Drivers/STM32F1xx_HAL_Driver/Src/stm32f1xx_hal_rcc_ex.c ****     }
 267:Drivers/STM32F1xx_HAL_Driver/Src/stm32f1xx_hal_rcc_ex.c ****   }
 268:Drivers/STM32F1xx_HAL_Driver/Src/stm32f1xx_hal_rcc_ex.c **** #endif /* STM32F105xC || STM32F107xC */
 269:Drivers/STM32F1xx_HAL_Driver/Src/stm32f1xx_hal_rcc_ex.c **** 
 270:Drivers/STM32F1xx_HAL_Driver/Src/stm32f1xx_hal_rcc_ex.c **** #if defined(STM32F102x6) || defined(STM32F102xB) || defined(STM32F103x6)\
 271:Drivers/STM32F1xx_HAL_Driver/Src/stm32f1xx_hal_rcc_ex.c ****  || defined(STM32F103xB) || defined(STM32F103xE) || defined(STM32F103xG)\
 272:Drivers/STM32F1xx_HAL_Driver/Src/stm32f1xx_hal_rcc_ex.c ****  || defined(STM32F105xC) || defined(STM32F107xC)
 273:Drivers/STM32F1xx_HAL_Driver/Src/stm32f1xx_hal_rcc_ex.c ****   /*------------------------------ USB clock Configuration ------------------*/
 274:Drivers/STM32F1xx_HAL_Driver/Src/stm32f1xx_hal_rcc_ex.c ****   if (((PeriphClkInit->PeriphClockSelection) & RCC_PERIPHCLK_USB) == RCC_PERIPHCLK_USB)
 165              		.loc 1 274 3 view .LVU49
 166              		.loc 1 274 22 is_stmt 0 view .LVU50
 167 0092 2368     		ldr	r3, [r4]
 168              		.loc 1 274 6 view .LVU51
 169 0094 13F0100F 		tst	r3, #16
 170 0098 34D0     		beq	.L15
 275:Drivers/STM32F1xx_HAL_Driver/Src/stm32f1xx_hal_rcc_ex.c ****   {
 276:Drivers/STM32F1xx_HAL_Driver/Src/stm32f1xx_hal_rcc_ex.c ****     /* Check the parameters */
 277:Drivers/STM32F1xx_HAL_Driver/Src/stm32f1xx_hal_rcc_ex.c ****     assert_param(IS_RCC_USBPLLCLK_DIV(PeriphClkInit->UsbClockSelection));
 171              		.loc 1 277 5 is_stmt 1 view .LVU52
 278:Drivers/STM32F1xx_HAL_Driver/Src/stm32f1xx_hal_rcc_ex.c **** 
 279:Drivers/STM32F1xx_HAL_Driver/Src/stm32f1xx_hal_rcc_ex.c ****     /* Configure the USB clock source */
 280:Drivers/STM32F1xx_HAL_Driver/Src/stm32f1xx_hal_rcc_ex.c ****     __HAL_RCC_USB_CONFIG(PeriphClkInit->UsbClockSelection);
 172              		.loc 1 280 5 view .LVU53
 173 009a 1C4A     		ldr	r2, .L20
 174 009c 5368     		ldr	r3, [r2, #4]
 175 009e 23F48003 		bic	r3, r3, #4194304
 176 00a2 E168     		ldr	r1, [r4, #12]
 177 00a4 0B43     		orrs	r3, r3, r1
ARM GAS  C:\Users\qwertym\AppData\Local\Temp\ccVsr9rq.s 			page 9


 178 00a6 5360     		str	r3, [r2, #4]
 281:Drivers/STM32F1xx_HAL_Driver/Src/stm32f1xx_hal_rcc_ex.c ****   }
 282:Drivers/STM32F1xx_HAL_Driver/Src/stm32f1xx_hal_rcc_ex.c **** #endif /* STM32F102x6 || STM32F102xB || STM32F103x6 || STM32F103xB || STM32F103xE || STM32F103xG ||
 283:Drivers/STM32F1xx_HAL_Driver/Src/stm32f1xx_hal_rcc_ex.c **** 
 284:Drivers/STM32F1xx_HAL_Driver/Src/stm32f1xx_hal_rcc_ex.c ****   return HAL_OK;
 179              		.loc 1 284 10 is_stmt 0 view .LVU54
 180 00a8 0020     		movs	r0, #0
 181 00aa 2CE0     		b	.L6
 182              	.LVL12:
 183              	.L12:
 184              	.LBB4:
 113:Drivers/STM32F1xx_HAL_Driver/Src/stm32f1xx_hal_rcc_ex.c **** 
 185              		.loc 1 113 16 view .LVU55
 186 00ac 0025     		movs	r5, #0
 187 00ae BEE7     		b	.L3
 188              	.LVL13:
 189              	.L17:
 130:Drivers/STM32F1xx_HAL_Driver/Src/stm32f1xx_hal_rcc_ex.c **** 
 190              		.loc 1 130 7 is_stmt 1 view .LVU56
 191 00b0 174A     		ldr	r2, .L20+4
 192 00b2 1368     		ldr	r3, [r2]
 193 00b4 43F48073 		orr	r3, r3, #256
 194 00b8 1360     		str	r3, [r2]
 133:Drivers/STM32F1xx_HAL_Driver/Src/stm32f1xx_hal_rcc_ex.c **** 
 195              		.loc 1 133 7 view .LVU57
 133:Drivers/STM32F1xx_HAL_Driver/Src/stm32f1xx_hal_rcc_ex.c **** 
 196              		.loc 1 133 19 is_stmt 0 view .LVU58
 197 00ba FFF7FEFF 		bl	HAL_GetTick
 198              	.LVL14:
 133:Drivers/STM32F1xx_HAL_Driver/Src/stm32f1xx_hal_rcc_ex.c **** 
 199              		.loc 1 133 19 view .LVU59
 200 00be 0646     		mov	r6, r0
 201              	.LVL15:
 135:Drivers/STM32F1xx_HAL_Driver/Src/stm32f1xx_hal_rcc_ex.c ****       {
 202              		.loc 1 135 7 is_stmt 1 view .LVU60
 203              	.L5:
 135:Drivers/STM32F1xx_HAL_Driver/Src/stm32f1xx_hal_rcc_ex.c ****       {
 204              		.loc 1 135 14 view .LVU61
 205 00c0 134B     		ldr	r3, .L20+4
 206 00c2 1B68     		ldr	r3, [r3]
 207 00c4 13F4807F 		tst	r3, #256
 208 00c8 B6D1     		bne	.L4
 137:Drivers/STM32F1xx_HAL_Driver/Src/stm32f1xx_hal_rcc_ex.c ****         {
 209              		.loc 1 137 9 view .LVU62
 137:Drivers/STM32F1xx_HAL_Driver/Src/stm32f1xx_hal_rcc_ex.c ****         {
 210              		.loc 1 137 14 is_stmt 0 view .LVU63
 211 00ca FFF7FEFF 		bl	HAL_GetTick
 212              	.LVL16:
 137:Drivers/STM32F1xx_HAL_Driver/Src/stm32f1xx_hal_rcc_ex.c ****         {
 213              		.loc 1 137 28 view .LVU64
 214 00ce 801B     		subs	r0, r0, r6
 137:Drivers/STM32F1xx_HAL_Driver/Src/stm32f1xx_hal_rcc_ex.c ****         {
 215              		.loc 1 137 12 view .LVU65
 216 00d0 6428     		cmp	r0, #100
 217 00d2 F5D9     		bls	.L5
 139:Drivers/STM32F1xx_HAL_Driver/Src/stm32f1xx_hal_rcc_ex.c ****         }
 218              		.loc 1 139 18 view .LVU66
ARM GAS  C:\Users\qwertym\AppData\Local\Temp\ccVsr9rq.s 			page 10


 219 00d4 0320     		movs	r0, #3
 220 00d6 16E0     		b	.L6
 221              	.LVL17:
 222              	.L18:
 160:Drivers/STM32F1xx_HAL_Driver/Src/stm32f1xx_hal_rcc_ex.c **** 
 223              		.loc 1 160 9 is_stmt 1 view .LVU67
 160:Drivers/STM32F1xx_HAL_Driver/Src/stm32f1xx_hal_rcc_ex.c **** 
 224              		.loc 1 160 21 is_stmt 0 view .LVU68
 225 00d8 FFF7FEFF 		bl	HAL_GetTick
 226              	.LVL18:
 160:Drivers/STM32F1xx_HAL_Driver/Src/stm32f1xx_hal_rcc_ex.c **** 
 227              		.loc 1 160 21 view .LVU69
 228 00dc 0646     		mov	r6, r0
 229              	.LVL19:
 163:Drivers/STM32F1xx_HAL_Driver/Src/stm32f1xx_hal_rcc_ex.c ****         {
 230              		.loc 1 163 9 is_stmt 1 view .LVU70
 231              	.L9:
 163:Drivers/STM32F1xx_HAL_Driver/Src/stm32f1xx_hal_rcc_ex.c ****         {
 232              		.loc 1 163 52 view .LVU71
 163:Drivers/STM32F1xx_HAL_Driver/Src/stm32f1xx_hal_rcc_ex.c ****         {
 233              		.loc 1 163 16 is_stmt 0 view .LVU72
 234 00de 0B4B     		ldr	r3, .L20
 235 00e0 1B6A     		ldr	r3, [r3, #32]
 163:Drivers/STM32F1xx_HAL_Driver/Src/stm32f1xx_hal_rcc_ex.c ****         {
 236              		.loc 1 163 52 view .LVU73
 237 00e2 13F0020F 		tst	r3, #2
 238 00e6 C0D1     		bne	.L8
 165:Drivers/STM32F1xx_HAL_Driver/Src/stm32f1xx_hal_rcc_ex.c ****           {
 239              		.loc 1 165 11 is_stmt 1 view .LVU74
 165:Drivers/STM32F1xx_HAL_Driver/Src/stm32f1xx_hal_rcc_ex.c ****           {
 240              		.loc 1 165 16 is_stmt 0 view .LVU75
 241 00e8 FFF7FEFF 		bl	HAL_GetTick
 242              	.LVL20:
 165:Drivers/STM32F1xx_HAL_Driver/Src/stm32f1xx_hal_rcc_ex.c ****           {
 243              		.loc 1 165 30 view .LVU76
 244 00ec 801B     		subs	r0, r0, r6
 165:Drivers/STM32F1xx_HAL_Driver/Src/stm32f1xx_hal_rcc_ex.c ****           {
 245              		.loc 1 165 14 view .LVU77
 246 00ee 41F28833 		movw	r3, #5000
 247 00f2 9842     		cmp	r0, r3
 248 00f4 F3D9     		bls	.L9
 167:Drivers/STM32F1xx_HAL_Driver/Src/stm32f1xx_hal_rcc_ex.c ****           }
 249              		.loc 1 167 20 view .LVU78
 250 00f6 0320     		movs	r0, #3
 251 00f8 05E0     		b	.L6
 252              	.LVL21:
 253              	.L19:
 177:Drivers/STM32F1xx_HAL_Driver/Src/stm32f1xx_hal_rcc_ex.c ****     }
 254              		.loc 1 177 7 is_stmt 1 view .LVU79
 255 00fa D369     		ldr	r3, [r2, #28]
 256 00fc 23F08053 		bic	r3, r3, #268435456
 257 0100 D361     		str	r3, [r2, #28]
 258 0102 BBE7     		b	.L2
 259              	.LVL22:
 260              	.L15:
 177:Drivers/STM32F1xx_HAL_Driver/Src/stm32f1xx_hal_rcc_ex.c ****     }
 261              		.loc 1 177 7 is_stmt 0 view .LVU80
ARM GAS  C:\Users\qwertym\AppData\Local\Temp\ccVsr9rq.s 			page 11


 262              	.LBE4:
 263              		.loc 1 284 10 view .LVU81
 264 0104 0020     		movs	r0, #0
 265              	.L6:
 285:Drivers/STM32F1xx_HAL_Driver/Src/stm32f1xx_hal_rcc_ex.c **** }
 266              		.loc 1 285 1 view .LVU82
 267 0106 02B0     		add	sp, sp, #8
 268              		.cfi_def_cfa_offset 16
 269              		@ sp needed
 270 0108 70BD     		pop	{r4, r5, r6, pc}
 271              	.LVL23:
 272              	.L21:
 273              		.loc 1 285 1 view .LVU83
 274 010a 00BF     		.align	2
 275              	.L20:
 276 010c 00100240 		.word	1073876992
 277 0110 00700040 		.word	1073770496
 278 0114 00004242 		.word	1111621632
 279              		.cfi_endproc
 280              	.LFE65:
 282              		.section	.text.HAL_RCCEx_GetPeriphCLKConfig,"ax",%progbits
 283              		.align	1
 284              		.global	HAL_RCCEx_GetPeriphCLKConfig
 285              		.syntax unified
 286              		.thumb
 287              		.thumb_func
 289              	HAL_RCCEx_GetPeriphCLKConfig:
 290              	.LVL24:
 291              	.LFB66:
 286:Drivers/STM32F1xx_HAL_Driver/Src/stm32f1xx_hal_rcc_ex.c **** 
 287:Drivers/STM32F1xx_HAL_Driver/Src/stm32f1xx_hal_rcc_ex.c **** /**
 288:Drivers/STM32F1xx_HAL_Driver/Src/stm32f1xx_hal_rcc_ex.c ****   * @brief  Get the PeriphClkInit according to the internal
 289:Drivers/STM32F1xx_HAL_Driver/Src/stm32f1xx_hal_rcc_ex.c ****   * RCC configuration registers.
 290:Drivers/STM32F1xx_HAL_Driver/Src/stm32f1xx_hal_rcc_ex.c ****   * @param  PeriphClkInit pointer to an RCC_PeriphCLKInitTypeDef structure that
 291:Drivers/STM32F1xx_HAL_Driver/Src/stm32f1xx_hal_rcc_ex.c ****   *         returns the configuration information for the Extended Peripherals clocks(RTC, I2S, ADC
 292:Drivers/STM32F1xx_HAL_Driver/Src/stm32f1xx_hal_rcc_ex.c ****   * @retval None
 293:Drivers/STM32F1xx_HAL_Driver/Src/stm32f1xx_hal_rcc_ex.c ****   */
 294:Drivers/STM32F1xx_HAL_Driver/Src/stm32f1xx_hal_rcc_ex.c **** void HAL_RCCEx_GetPeriphCLKConfig(RCC_PeriphCLKInitTypeDef  *PeriphClkInit)
 295:Drivers/STM32F1xx_HAL_Driver/Src/stm32f1xx_hal_rcc_ex.c **** {
 292              		.loc 1 295 1 is_stmt 1 view -0
 293              		.cfi_startproc
 294              		@ args = 0, pretend = 0, frame = 0
 295              		@ frame_needed = 0, uses_anonymous_args = 0
 296              		@ link register save eliminated.
 296:Drivers/STM32F1xx_HAL_Driver/Src/stm32f1xx_hal_rcc_ex.c ****   uint32_t srcclk = 0U;
 297              		.loc 1 296 3 view .LVU85
 297:Drivers/STM32F1xx_HAL_Driver/Src/stm32f1xx_hal_rcc_ex.c **** 
 298:Drivers/STM32F1xx_HAL_Driver/Src/stm32f1xx_hal_rcc_ex.c ****   /* Set all possible values for the extended clock type parameter------------*/
 299:Drivers/STM32F1xx_HAL_Driver/Src/stm32f1xx_hal_rcc_ex.c ****   PeriphClkInit->PeriphClockSelection = RCC_PERIPHCLK_RTC;
 298              		.loc 1 299 3 view .LVU86
 299              		.loc 1 299 39 is_stmt 0 view .LVU87
 300 0000 0123     		movs	r3, #1
 301 0002 0360     		str	r3, [r0]
 300:Drivers/STM32F1xx_HAL_Driver/Src/stm32f1xx_hal_rcc_ex.c **** 
 301:Drivers/STM32F1xx_HAL_Driver/Src/stm32f1xx_hal_rcc_ex.c ****   /* Get the RTC configuration -----------------------------------------------*/
 302:Drivers/STM32F1xx_HAL_Driver/Src/stm32f1xx_hal_rcc_ex.c ****   srcclk = __HAL_RCC_GET_RTC_SOURCE();
 302              		.loc 1 302 3 is_stmt 1 view .LVU88
ARM GAS  C:\Users\qwertym\AppData\Local\Temp\ccVsr9rq.s 			page 12


 303              		.loc 1 302 12 is_stmt 0 view .LVU89
 304 0004 084B     		ldr	r3, .L23
 305 0006 1A6A     		ldr	r2, [r3, #32]
 306              		.loc 1 302 10 view .LVU90
 307 0008 02F44072 		and	r2, r2, #768
 308              	.LVL25:
 303:Drivers/STM32F1xx_HAL_Driver/Src/stm32f1xx_hal_rcc_ex.c ****   /* Source clock is LSE or LSI*/
 304:Drivers/STM32F1xx_HAL_Driver/Src/stm32f1xx_hal_rcc_ex.c ****   PeriphClkInit->RTCClockSelection = srcclk;
 309              		.loc 1 304 3 is_stmt 1 view .LVU91
 310              		.loc 1 304 36 is_stmt 0 view .LVU92
 311 000c 4260     		str	r2, [r0, #4]
 305:Drivers/STM32F1xx_HAL_Driver/Src/stm32f1xx_hal_rcc_ex.c **** 
 306:Drivers/STM32F1xx_HAL_Driver/Src/stm32f1xx_hal_rcc_ex.c ****   /* Get the ADC clock configuration -----------------------------------------*/
 307:Drivers/STM32F1xx_HAL_Driver/Src/stm32f1xx_hal_rcc_ex.c ****   PeriphClkInit->PeriphClockSelection |= RCC_PERIPHCLK_ADC;
 312              		.loc 1 307 3 is_stmt 1 view .LVU93
 313              		.loc 1 307 39 is_stmt 0 view .LVU94
 314 000e 0322     		movs	r2, #3
 315              	.LVL26:
 316              		.loc 1 307 39 view .LVU95
 317 0010 0260     		str	r2, [r0]
 308:Drivers/STM32F1xx_HAL_Driver/Src/stm32f1xx_hal_rcc_ex.c ****   PeriphClkInit->AdcClockSelection = __HAL_RCC_GET_ADC_SOURCE();
 318              		.loc 1 308 3 is_stmt 1 view .LVU96
 319              		.loc 1 308 38 is_stmt 0 view .LVU97
 320 0012 5A68     		ldr	r2, [r3, #4]
 321 0014 02F44042 		and	r2, r2, #49152
 322              		.loc 1 308 36 view .LVU98
 323 0018 8260     		str	r2, [r0, #8]
 309:Drivers/STM32F1xx_HAL_Driver/Src/stm32f1xx_hal_rcc_ex.c **** 
 310:Drivers/STM32F1xx_HAL_Driver/Src/stm32f1xx_hal_rcc_ex.c **** #if defined(STM32F105xC) || defined(STM32F107xC)
 311:Drivers/STM32F1xx_HAL_Driver/Src/stm32f1xx_hal_rcc_ex.c ****   /* Get the I2S2 clock configuration -----------------------------------------*/
 312:Drivers/STM32F1xx_HAL_Driver/Src/stm32f1xx_hal_rcc_ex.c ****   PeriphClkInit->PeriphClockSelection |= RCC_PERIPHCLK_I2S2;
 313:Drivers/STM32F1xx_HAL_Driver/Src/stm32f1xx_hal_rcc_ex.c ****   PeriphClkInit->I2s2ClockSelection = __HAL_RCC_GET_I2S2_SOURCE();
 314:Drivers/STM32F1xx_HAL_Driver/Src/stm32f1xx_hal_rcc_ex.c **** 
 315:Drivers/STM32F1xx_HAL_Driver/Src/stm32f1xx_hal_rcc_ex.c ****   /* Get the I2S3 clock configuration -----------------------------------------*/
 316:Drivers/STM32F1xx_HAL_Driver/Src/stm32f1xx_hal_rcc_ex.c ****   PeriphClkInit->PeriphClockSelection |= RCC_PERIPHCLK_I2S3;
 317:Drivers/STM32F1xx_HAL_Driver/Src/stm32f1xx_hal_rcc_ex.c ****   PeriphClkInit->I2s3ClockSelection = __HAL_RCC_GET_I2S3_SOURCE();
 318:Drivers/STM32F1xx_HAL_Driver/Src/stm32f1xx_hal_rcc_ex.c **** 
 319:Drivers/STM32F1xx_HAL_Driver/Src/stm32f1xx_hal_rcc_ex.c **** #endif /* STM32F105xC || STM32F107xC */
 320:Drivers/STM32F1xx_HAL_Driver/Src/stm32f1xx_hal_rcc_ex.c **** 
 321:Drivers/STM32F1xx_HAL_Driver/Src/stm32f1xx_hal_rcc_ex.c **** #if defined(STM32F103xE) || defined(STM32F103xG)
 322:Drivers/STM32F1xx_HAL_Driver/Src/stm32f1xx_hal_rcc_ex.c ****   /* Get the I2S2 clock configuration -----------------------------------------*/
 323:Drivers/STM32F1xx_HAL_Driver/Src/stm32f1xx_hal_rcc_ex.c ****   PeriphClkInit->PeriphClockSelection |= RCC_PERIPHCLK_I2S2;
 324:Drivers/STM32F1xx_HAL_Driver/Src/stm32f1xx_hal_rcc_ex.c ****   PeriphClkInit->I2s2ClockSelection = RCC_I2S2CLKSOURCE_SYSCLK;
 325:Drivers/STM32F1xx_HAL_Driver/Src/stm32f1xx_hal_rcc_ex.c **** 
 326:Drivers/STM32F1xx_HAL_Driver/Src/stm32f1xx_hal_rcc_ex.c ****   /* Get the I2S3 clock configuration -----------------------------------------*/
 327:Drivers/STM32F1xx_HAL_Driver/Src/stm32f1xx_hal_rcc_ex.c ****   PeriphClkInit->PeriphClockSelection |= RCC_PERIPHCLK_I2S3;
 328:Drivers/STM32F1xx_HAL_Driver/Src/stm32f1xx_hal_rcc_ex.c ****   PeriphClkInit->I2s3ClockSelection = RCC_I2S3CLKSOURCE_SYSCLK;
 329:Drivers/STM32F1xx_HAL_Driver/Src/stm32f1xx_hal_rcc_ex.c **** 
 330:Drivers/STM32F1xx_HAL_Driver/Src/stm32f1xx_hal_rcc_ex.c **** #endif /* STM32F103xE || STM32F103xG */
 331:Drivers/STM32F1xx_HAL_Driver/Src/stm32f1xx_hal_rcc_ex.c **** 
 332:Drivers/STM32F1xx_HAL_Driver/Src/stm32f1xx_hal_rcc_ex.c **** #if defined(STM32F102x6) || defined(STM32F102xB) || defined(STM32F103x6)\
 333:Drivers/STM32F1xx_HAL_Driver/Src/stm32f1xx_hal_rcc_ex.c ****  || defined(STM32F103xB) || defined(STM32F103xE) || defined(STM32F103xG)\
 334:Drivers/STM32F1xx_HAL_Driver/Src/stm32f1xx_hal_rcc_ex.c ****  || defined(STM32F105xC) || defined(STM32F107xC)
 335:Drivers/STM32F1xx_HAL_Driver/Src/stm32f1xx_hal_rcc_ex.c ****   /* Get the USB clock configuration -----------------------------------------*/
 336:Drivers/STM32F1xx_HAL_Driver/Src/stm32f1xx_hal_rcc_ex.c ****   PeriphClkInit->PeriphClockSelection |= RCC_PERIPHCLK_USB;
 324              		.loc 1 336 3 is_stmt 1 view .LVU99
 325              		.loc 1 336 39 is_stmt 0 view .LVU100
ARM GAS  C:\Users\qwertym\AppData\Local\Temp\ccVsr9rq.s 			page 13


 326 001a 1322     		movs	r2, #19
 327 001c 0260     		str	r2, [r0]
 337:Drivers/STM32F1xx_HAL_Driver/Src/stm32f1xx_hal_rcc_ex.c ****   PeriphClkInit->UsbClockSelection = __HAL_RCC_GET_USB_SOURCE();
 328              		.loc 1 337 3 is_stmt 1 view .LVU101
 329              		.loc 1 337 38 is_stmt 0 view .LVU102
 330 001e 5B68     		ldr	r3, [r3, #4]
 331 0020 03F48003 		and	r3, r3, #4194304
 332              		.loc 1 337 36 view .LVU103
 333 0024 C360     		str	r3, [r0, #12]
 338:Drivers/STM32F1xx_HAL_Driver/Src/stm32f1xx_hal_rcc_ex.c **** #endif /* STM32F102x6 || STM32F102xB || STM32F103x6 || STM32F103xB || STM32F103xE || STM32F103xG ||
 339:Drivers/STM32F1xx_HAL_Driver/Src/stm32f1xx_hal_rcc_ex.c **** }
 334              		.loc 1 339 1 view .LVU104
 335 0026 7047     		bx	lr
 336              	.L24:
 337              		.align	2
 338              	.L23:
 339 0028 00100240 		.word	1073876992
 340              		.cfi_endproc
 341              	.LFE66:
 343              		.section	.rodata.HAL_RCCEx_GetPeriphCLKFreq.str1.4,"aMS",%progbits,1
 344              		.align	2
 345              	.LC0:
 346 0000 02030405 		.ascii	"\002\003\004\005\006\007\010\011\012\013\014\015\016"
 346      06070809 
 346      0A0B0C0D 
 346      0E
 347 000d 0F101000 		.ascii	"\017\020\020\000"
 348              		.section	.text.HAL_RCCEx_GetPeriphCLKFreq,"ax",%progbits
 349              		.align	1
 350              		.global	HAL_RCCEx_GetPeriphCLKFreq
 351              		.syntax unified
 352              		.thumb
 353              		.thumb_func
 355              	HAL_RCCEx_GetPeriphCLKFreq:
 356              	.LVL27:
 357              	.LFB67:
 340:Drivers/STM32F1xx_HAL_Driver/Src/stm32f1xx_hal_rcc_ex.c **** 
 341:Drivers/STM32F1xx_HAL_Driver/Src/stm32f1xx_hal_rcc_ex.c **** /**
 342:Drivers/STM32F1xx_HAL_Driver/Src/stm32f1xx_hal_rcc_ex.c ****   * @brief  Returns the peripheral clock frequency
 343:Drivers/STM32F1xx_HAL_Driver/Src/stm32f1xx_hal_rcc_ex.c ****   * @note   Returns 0 if peripheral clock is unknown
 344:Drivers/STM32F1xx_HAL_Driver/Src/stm32f1xx_hal_rcc_ex.c ****   * @param  PeriphClk Peripheral clock identifier
 345:Drivers/STM32F1xx_HAL_Driver/Src/stm32f1xx_hal_rcc_ex.c ****   *         This parameter can be one of the following values:
 346:Drivers/STM32F1xx_HAL_Driver/Src/stm32f1xx_hal_rcc_ex.c ****   *            @arg @ref RCC_PERIPHCLK_RTC  RTC peripheral clock
 347:Drivers/STM32F1xx_HAL_Driver/Src/stm32f1xx_hal_rcc_ex.c ****   *            @arg @ref RCC_PERIPHCLK_ADC  ADC peripheral clock
 348:Drivers/STM32F1xx_HAL_Driver/Src/stm32f1xx_hal_rcc_ex.c ****   @if STM32F103xE
 349:Drivers/STM32F1xx_HAL_Driver/Src/stm32f1xx_hal_rcc_ex.c ****   *            @arg @ref RCC_PERIPHCLK_I2S2 I2S2 peripheral clock
 350:Drivers/STM32F1xx_HAL_Driver/Src/stm32f1xx_hal_rcc_ex.c ****   *            @arg @ref RCC_PERIPHCLK_I2S3 I2S3 peripheral clock
 351:Drivers/STM32F1xx_HAL_Driver/Src/stm32f1xx_hal_rcc_ex.c ****   *            @arg @ref RCC_PERIPHCLK_I2S3 I2S3 peripheral clock
 352:Drivers/STM32F1xx_HAL_Driver/Src/stm32f1xx_hal_rcc_ex.c ****   @endif
 353:Drivers/STM32F1xx_HAL_Driver/Src/stm32f1xx_hal_rcc_ex.c ****   @if STM32F103xG
 354:Drivers/STM32F1xx_HAL_Driver/Src/stm32f1xx_hal_rcc_ex.c ****   *            @arg @ref RCC_PERIPHCLK_I2S2 I2S2 peripheral clock
 355:Drivers/STM32F1xx_HAL_Driver/Src/stm32f1xx_hal_rcc_ex.c ****   *            @arg @ref RCC_PERIPHCLK_I2S3 I2S3 peripheral clock
 356:Drivers/STM32F1xx_HAL_Driver/Src/stm32f1xx_hal_rcc_ex.c ****   *            @arg @ref RCC_PERIPHCLK_I2S3 I2S3 peripheral clock
 357:Drivers/STM32F1xx_HAL_Driver/Src/stm32f1xx_hal_rcc_ex.c ****   *            @arg @ref RCC_PERIPHCLK_I2S2 I2S2 peripheral clock
 358:Drivers/STM32F1xx_HAL_Driver/Src/stm32f1xx_hal_rcc_ex.c ****   @endif
 359:Drivers/STM32F1xx_HAL_Driver/Src/stm32f1xx_hal_rcc_ex.c ****   @if STM32F105xC
 360:Drivers/STM32F1xx_HAL_Driver/Src/stm32f1xx_hal_rcc_ex.c ****   *            @arg @ref RCC_PERIPHCLK_I2S2 I2S2 peripheral clock
ARM GAS  C:\Users\qwertym\AppData\Local\Temp\ccVsr9rq.s 			page 14


 361:Drivers/STM32F1xx_HAL_Driver/Src/stm32f1xx_hal_rcc_ex.c ****   *            @arg @ref RCC_PERIPHCLK_I2S3 I2S3 peripheral clock
 362:Drivers/STM32F1xx_HAL_Driver/Src/stm32f1xx_hal_rcc_ex.c ****   *            @arg @ref RCC_PERIPHCLK_I2S3 I2S3 peripheral clock
 363:Drivers/STM32F1xx_HAL_Driver/Src/stm32f1xx_hal_rcc_ex.c ****   *            @arg @ref RCC_PERIPHCLK_I2S2 I2S2 peripheral clock
 364:Drivers/STM32F1xx_HAL_Driver/Src/stm32f1xx_hal_rcc_ex.c ****   *            @arg @ref RCC_PERIPHCLK_I2S3 I2S3 peripheral clock
 365:Drivers/STM32F1xx_HAL_Driver/Src/stm32f1xx_hal_rcc_ex.c ****   *            @arg @ref RCC_PERIPHCLK_I2S3 I2S3 peripheral clock
 366:Drivers/STM32F1xx_HAL_Driver/Src/stm32f1xx_hal_rcc_ex.c ****   *            @arg @ref RCC_PERIPHCLK_I2S2 I2S2 peripheral clock
 367:Drivers/STM32F1xx_HAL_Driver/Src/stm32f1xx_hal_rcc_ex.c ****   *            @arg @ref RCC_PERIPHCLK_USB  USB peripheral clock
 368:Drivers/STM32F1xx_HAL_Driver/Src/stm32f1xx_hal_rcc_ex.c ****   @endif
 369:Drivers/STM32F1xx_HAL_Driver/Src/stm32f1xx_hal_rcc_ex.c ****   @if STM32F107xC
 370:Drivers/STM32F1xx_HAL_Driver/Src/stm32f1xx_hal_rcc_ex.c ****   *            @arg @ref RCC_PERIPHCLK_I2S2 I2S2 peripheral clock
 371:Drivers/STM32F1xx_HAL_Driver/Src/stm32f1xx_hal_rcc_ex.c ****   *            @arg @ref RCC_PERIPHCLK_I2S3 I2S3 peripheral clock
 372:Drivers/STM32F1xx_HAL_Driver/Src/stm32f1xx_hal_rcc_ex.c ****   *            @arg @ref RCC_PERIPHCLK_I2S3 I2S3 peripheral clock
 373:Drivers/STM32F1xx_HAL_Driver/Src/stm32f1xx_hal_rcc_ex.c ****   *            @arg @ref RCC_PERIPHCLK_I2S2 I2S2 peripheral clock
 374:Drivers/STM32F1xx_HAL_Driver/Src/stm32f1xx_hal_rcc_ex.c ****   *            @arg @ref RCC_PERIPHCLK_I2S3 I2S3 peripheral clock
 375:Drivers/STM32F1xx_HAL_Driver/Src/stm32f1xx_hal_rcc_ex.c ****   *            @arg @ref RCC_PERIPHCLK_I2S3 I2S3 peripheral clock
 376:Drivers/STM32F1xx_HAL_Driver/Src/stm32f1xx_hal_rcc_ex.c ****   *            @arg @ref RCC_PERIPHCLK_I2S2 I2S2 peripheral clock
 377:Drivers/STM32F1xx_HAL_Driver/Src/stm32f1xx_hal_rcc_ex.c ****   *            @arg @ref RCC_PERIPHCLK_USB  USB peripheral clock
 378:Drivers/STM32F1xx_HAL_Driver/Src/stm32f1xx_hal_rcc_ex.c ****   @endif
 379:Drivers/STM32F1xx_HAL_Driver/Src/stm32f1xx_hal_rcc_ex.c ****   @if STM32F102xx
 380:Drivers/STM32F1xx_HAL_Driver/Src/stm32f1xx_hal_rcc_ex.c ****   *            @arg @ref RCC_PERIPHCLK_USB  USB peripheral clock
 381:Drivers/STM32F1xx_HAL_Driver/Src/stm32f1xx_hal_rcc_ex.c ****   @endif
 382:Drivers/STM32F1xx_HAL_Driver/Src/stm32f1xx_hal_rcc_ex.c ****   @if STM32F103xx
 383:Drivers/STM32F1xx_HAL_Driver/Src/stm32f1xx_hal_rcc_ex.c ****   *            @arg @ref RCC_PERIPHCLK_USB  USB peripheral clock
 384:Drivers/STM32F1xx_HAL_Driver/Src/stm32f1xx_hal_rcc_ex.c ****   @endif
 385:Drivers/STM32F1xx_HAL_Driver/Src/stm32f1xx_hal_rcc_ex.c ****   * @retval Frequency in Hz (0: means that no available frequency for the peripheral)
 386:Drivers/STM32F1xx_HAL_Driver/Src/stm32f1xx_hal_rcc_ex.c ****   */
 387:Drivers/STM32F1xx_HAL_Driver/Src/stm32f1xx_hal_rcc_ex.c **** uint32_t HAL_RCCEx_GetPeriphCLKFreq(uint32_t PeriphClk)
 388:Drivers/STM32F1xx_HAL_Driver/Src/stm32f1xx_hal_rcc_ex.c **** {
 358              		.loc 1 388 1 is_stmt 1 view -0
 359              		.cfi_startproc
 360              		@ args = 0, pretend = 0, frame = 24
 361              		@ frame_needed = 0, uses_anonymous_args = 0
 362              		.loc 1 388 1 is_stmt 0 view .LVU106
 363 0000 00B5     		push	{lr}
 364              		.cfi_def_cfa_offset 4
 365              		.cfi_offset 14, -4
 366 0002 87B0     		sub	sp, sp, #28
 367              		.cfi_def_cfa_offset 32
 368 0004 8446     		mov	ip, r0
 389:Drivers/STM32F1xx_HAL_Driver/Src/stm32f1xx_hal_rcc_ex.c **** #if defined(STM32F105xC) || defined(STM32F107xC)
 390:Drivers/STM32F1xx_HAL_Driver/Src/stm32f1xx_hal_rcc_ex.c ****   const uint8_t aPLLMULFactorTable[14] = {0, 0, 4, 5, 6, 7, 8, 9, 0, 0, 0, 0, 0, 13};
 391:Drivers/STM32F1xx_HAL_Driver/Src/stm32f1xx_hal_rcc_ex.c ****   const uint8_t aPredivFactorTable[16] = {1, 2, 3, 4, 5, 6, 7, 8, 9, 10, 11, 12, 13, 14, 15, 16};
 392:Drivers/STM32F1xx_HAL_Driver/Src/stm32f1xx_hal_rcc_ex.c **** 
 393:Drivers/STM32F1xx_HAL_Driver/Src/stm32f1xx_hal_rcc_ex.c ****   uint32_t prediv1 = 0U, pllclk = 0U, pllmul = 0U;
 394:Drivers/STM32F1xx_HAL_Driver/Src/stm32f1xx_hal_rcc_ex.c ****   uint32_t pll2mul = 0U, pll3mul = 0U, prediv2 = 0U;
 395:Drivers/STM32F1xx_HAL_Driver/Src/stm32f1xx_hal_rcc_ex.c **** #endif /* STM32F105xC || STM32F107xC */
 396:Drivers/STM32F1xx_HAL_Driver/Src/stm32f1xx_hal_rcc_ex.c **** #if defined(STM32F102x6) || defined(STM32F102xB) || defined(STM32F103x6) || \
 397:Drivers/STM32F1xx_HAL_Driver/Src/stm32f1xx_hal_rcc_ex.c ****     defined(STM32F103xB) || defined(STM32F103xE) || defined(STM32F103xG)
 398:Drivers/STM32F1xx_HAL_Driver/Src/stm32f1xx_hal_rcc_ex.c ****   const uint8_t aPLLMULFactorTable[16] = {2, 3, 4, 5, 6, 7, 8, 9, 10, 11, 12, 13, 14, 15, 16, 16};
 369              		.loc 1 398 3 is_stmt 1 view .LVU107
 370              		.loc 1 398 17 is_stmt 0 view .LVU108
 371 0006 394B     		ldr	r3, .L40
 372 0008 0FCB     		ldm	r3, {r0, r1, r2, r3}
 373              	.LVL28:
 374              		.loc 1 398 17 view .LVU109
 375 000a 0DF1180E 		add	lr, sp, #24
 376 000e 0EE90F00 		stmdb	lr, {r0, r1, r2, r3}
ARM GAS  C:\Users\qwertym\AppData\Local\Temp\ccVsr9rq.s 			page 15


 399:Drivers/STM32F1xx_HAL_Driver/Src/stm32f1xx_hal_rcc_ex.c ****   const uint8_t aPredivFactorTable[2] = {1, 2};
 377              		.loc 1 399 3 is_stmt 1 view .LVU110
 378              		.loc 1 399 17 is_stmt 0 view .LVU111
 379 0012 40F20123 		movw	r3, #513
 380 0016 ADF80430 		strh	r3, [sp, #4]	@ movhi
 400:Drivers/STM32F1xx_HAL_Driver/Src/stm32f1xx_hal_rcc_ex.c **** 
 401:Drivers/STM32F1xx_HAL_Driver/Src/stm32f1xx_hal_rcc_ex.c ****   uint32_t prediv1 = 0U, pllclk = 0U, pllmul = 0U;
 381              		.loc 1 401 3 is_stmt 1 view .LVU112
 382              	.LVL29:
 402:Drivers/STM32F1xx_HAL_Driver/Src/stm32f1xx_hal_rcc_ex.c **** #endif /* STM32F102x6 || STM32F102xB || STM32F103x6 || STM32F103xB || STM32F103xE || STM32F103xG */
 403:Drivers/STM32F1xx_HAL_Driver/Src/stm32f1xx_hal_rcc_ex.c ****   uint32_t temp_reg = 0U, frequency = 0U;
 383              		.loc 1 403 3 view .LVU113
 404:Drivers/STM32F1xx_HAL_Driver/Src/stm32f1xx_hal_rcc_ex.c **** 
 405:Drivers/STM32F1xx_HAL_Driver/Src/stm32f1xx_hal_rcc_ex.c ****   /* Check the parameters */
 406:Drivers/STM32F1xx_HAL_Driver/Src/stm32f1xx_hal_rcc_ex.c ****   assert_param(IS_RCC_PERIPHCLOCK(PeriphClk));
 384              		.loc 1 406 3 view .LVU114
 407:Drivers/STM32F1xx_HAL_Driver/Src/stm32f1xx_hal_rcc_ex.c **** 
 408:Drivers/STM32F1xx_HAL_Driver/Src/stm32f1xx_hal_rcc_ex.c ****   switch (PeriphClk)
 385              		.loc 1 408 3 view .LVU115
 386 001a BCF1020F 		cmp	ip, #2
 387 001e 56D0     		beq	.L26
 388 0020 BCF1100F 		cmp	ip, #16
 389 0024 06D0     		beq	.L27
 390 0026 BCF1010F 		cmp	ip, #1
 391 002a 2ED0     		beq	.L28
 392 002c 0020     		movs	r0, #0
 393              	.LVL30:
 394              	.L25:
 409:Drivers/STM32F1xx_HAL_Driver/Src/stm32f1xx_hal_rcc_ex.c ****   {
 410:Drivers/STM32F1xx_HAL_Driver/Src/stm32f1xx_hal_rcc_ex.c **** #if defined(STM32F102x6) || defined(STM32F102xB) || defined(STM32F103x6)\
 411:Drivers/STM32F1xx_HAL_Driver/Src/stm32f1xx_hal_rcc_ex.c ****  || defined(STM32F103xB) || defined(STM32F103xE) || defined(STM32F103xG)\
 412:Drivers/STM32F1xx_HAL_Driver/Src/stm32f1xx_hal_rcc_ex.c ****  || defined(STM32F105xC) || defined(STM32F107xC)
 413:Drivers/STM32F1xx_HAL_Driver/Src/stm32f1xx_hal_rcc_ex.c ****     case RCC_PERIPHCLK_USB:
 414:Drivers/STM32F1xx_HAL_Driver/Src/stm32f1xx_hal_rcc_ex.c ****     {
 415:Drivers/STM32F1xx_HAL_Driver/Src/stm32f1xx_hal_rcc_ex.c ****       /* Get RCC configuration ------------------------------------------------------*/
 416:Drivers/STM32F1xx_HAL_Driver/Src/stm32f1xx_hal_rcc_ex.c ****       temp_reg = RCC->CFGR;
 417:Drivers/STM32F1xx_HAL_Driver/Src/stm32f1xx_hal_rcc_ex.c **** 
 418:Drivers/STM32F1xx_HAL_Driver/Src/stm32f1xx_hal_rcc_ex.c ****       /* Check if PLL is enabled */
 419:Drivers/STM32F1xx_HAL_Driver/Src/stm32f1xx_hal_rcc_ex.c ****       if (HAL_IS_BIT_SET(RCC->CR, RCC_CR_PLLON))
 420:Drivers/STM32F1xx_HAL_Driver/Src/stm32f1xx_hal_rcc_ex.c ****       {
 421:Drivers/STM32F1xx_HAL_Driver/Src/stm32f1xx_hal_rcc_ex.c ****         pllmul = aPLLMULFactorTable[(uint32_t)(temp_reg & RCC_CFGR_PLLMULL) >> RCC_CFGR_PLLMULL_Pos
 422:Drivers/STM32F1xx_HAL_Driver/Src/stm32f1xx_hal_rcc_ex.c ****         if ((temp_reg & RCC_CFGR_PLLSRC) != RCC_PLLSOURCE_HSI_DIV2)
 423:Drivers/STM32F1xx_HAL_Driver/Src/stm32f1xx_hal_rcc_ex.c ****         {
 424:Drivers/STM32F1xx_HAL_Driver/Src/stm32f1xx_hal_rcc_ex.c **** #if defined(STM32F105xC) || defined(STM32F107xC) || defined(STM32F100xB)\
 425:Drivers/STM32F1xx_HAL_Driver/Src/stm32f1xx_hal_rcc_ex.c ****  || defined(STM32F100xE)
 426:Drivers/STM32F1xx_HAL_Driver/Src/stm32f1xx_hal_rcc_ex.c ****           prediv1 = aPredivFactorTable[(uint32_t)(RCC->CFGR2 & RCC_CFGR2_PREDIV1) >> RCC_CFGR2_PRED
 427:Drivers/STM32F1xx_HAL_Driver/Src/stm32f1xx_hal_rcc_ex.c **** #else
 428:Drivers/STM32F1xx_HAL_Driver/Src/stm32f1xx_hal_rcc_ex.c ****           prediv1 = aPredivFactorTable[(uint32_t)(RCC->CFGR & RCC_CFGR_PLLXTPRE) >> RCC_CFGR_PLLXTP
 429:Drivers/STM32F1xx_HAL_Driver/Src/stm32f1xx_hal_rcc_ex.c **** #endif /* STM32F105xC || STM32F107xC || STM32F100xB || STM32F100xE */
 430:Drivers/STM32F1xx_HAL_Driver/Src/stm32f1xx_hal_rcc_ex.c **** 
 431:Drivers/STM32F1xx_HAL_Driver/Src/stm32f1xx_hal_rcc_ex.c **** #if defined(STM32F105xC) || defined(STM32F107xC)
 432:Drivers/STM32F1xx_HAL_Driver/Src/stm32f1xx_hal_rcc_ex.c ****           if (HAL_IS_BIT_SET(RCC->CFGR2, RCC_CFGR2_PREDIV1SRC))
 433:Drivers/STM32F1xx_HAL_Driver/Src/stm32f1xx_hal_rcc_ex.c ****           {
 434:Drivers/STM32F1xx_HAL_Driver/Src/stm32f1xx_hal_rcc_ex.c ****             /* PLL2 selected as Prediv1 source */
 435:Drivers/STM32F1xx_HAL_Driver/Src/stm32f1xx_hal_rcc_ex.c ****             /* PLLCLK = PLL2CLK / PREDIV1 * PLLMUL with PLL2CLK = HSE/PREDIV2 * PLL2MUL */
 436:Drivers/STM32F1xx_HAL_Driver/Src/stm32f1xx_hal_rcc_ex.c ****             prediv2 = ((RCC->CFGR2 & RCC_CFGR2_PREDIV2) >> RCC_CFGR2_PREDIV2_Pos) + 1;
 437:Drivers/STM32F1xx_HAL_Driver/Src/stm32f1xx_hal_rcc_ex.c ****             pll2mul = ((RCC->CFGR2 & RCC_CFGR2_PLL2MUL) >> RCC_CFGR2_PLL2MUL_Pos) + 2;
ARM GAS  C:\Users\qwertym\AppData\Local\Temp\ccVsr9rq.s 			page 16


 438:Drivers/STM32F1xx_HAL_Driver/Src/stm32f1xx_hal_rcc_ex.c ****             pllclk = (uint32_t)((((HSE_VALUE / prediv2) * pll2mul) / prediv1) * pllmul);
 439:Drivers/STM32F1xx_HAL_Driver/Src/stm32f1xx_hal_rcc_ex.c ****           }
 440:Drivers/STM32F1xx_HAL_Driver/Src/stm32f1xx_hal_rcc_ex.c ****           else
 441:Drivers/STM32F1xx_HAL_Driver/Src/stm32f1xx_hal_rcc_ex.c ****           {
 442:Drivers/STM32F1xx_HAL_Driver/Src/stm32f1xx_hal_rcc_ex.c ****             /* HSE used as PLL clock source : PLLCLK = HSE/PREDIV1 * PLLMUL */
 443:Drivers/STM32F1xx_HAL_Driver/Src/stm32f1xx_hal_rcc_ex.c ****             pllclk = (uint32_t)((HSE_VALUE / prediv1) * pllmul);
 444:Drivers/STM32F1xx_HAL_Driver/Src/stm32f1xx_hal_rcc_ex.c ****           }
 445:Drivers/STM32F1xx_HAL_Driver/Src/stm32f1xx_hal_rcc_ex.c **** 
 446:Drivers/STM32F1xx_HAL_Driver/Src/stm32f1xx_hal_rcc_ex.c ****           /* If PLLMUL was set to 13 means that it was to cover the case PLLMUL 6.5 (avoid using fl
 447:Drivers/STM32F1xx_HAL_Driver/Src/stm32f1xx_hal_rcc_ex.c ****           /* In this case need to divide pllclk by 2 */
 448:Drivers/STM32F1xx_HAL_Driver/Src/stm32f1xx_hal_rcc_ex.c ****           if (pllmul == aPLLMULFactorTable[(uint32_t)(RCC_CFGR_PLLMULL6_5) >> RCC_CFGR_PLLMULL_Pos]
 449:Drivers/STM32F1xx_HAL_Driver/Src/stm32f1xx_hal_rcc_ex.c ****           {
 450:Drivers/STM32F1xx_HAL_Driver/Src/stm32f1xx_hal_rcc_ex.c ****             pllclk = pllclk / 2;
 451:Drivers/STM32F1xx_HAL_Driver/Src/stm32f1xx_hal_rcc_ex.c ****           }
 452:Drivers/STM32F1xx_HAL_Driver/Src/stm32f1xx_hal_rcc_ex.c **** #else
 453:Drivers/STM32F1xx_HAL_Driver/Src/stm32f1xx_hal_rcc_ex.c ****           if ((temp_reg & RCC_CFGR_PLLSRC) != RCC_PLLSOURCE_HSI_DIV2)
 454:Drivers/STM32F1xx_HAL_Driver/Src/stm32f1xx_hal_rcc_ex.c ****           {
 455:Drivers/STM32F1xx_HAL_Driver/Src/stm32f1xx_hal_rcc_ex.c ****             /* HSE used as PLL clock source : PLLCLK = HSE/PREDIV1 * PLLMUL */
 456:Drivers/STM32F1xx_HAL_Driver/Src/stm32f1xx_hal_rcc_ex.c ****             pllclk = (uint32_t)((HSE_VALUE / prediv1) * pllmul);
 457:Drivers/STM32F1xx_HAL_Driver/Src/stm32f1xx_hal_rcc_ex.c ****           }
 458:Drivers/STM32F1xx_HAL_Driver/Src/stm32f1xx_hal_rcc_ex.c **** #endif /* STM32F105xC || STM32F107xC */
 459:Drivers/STM32F1xx_HAL_Driver/Src/stm32f1xx_hal_rcc_ex.c ****         }
 460:Drivers/STM32F1xx_HAL_Driver/Src/stm32f1xx_hal_rcc_ex.c ****         else
 461:Drivers/STM32F1xx_HAL_Driver/Src/stm32f1xx_hal_rcc_ex.c ****         {
 462:Drivers/STM32F1xx_HAL_Driver/Src/stm32f1xx_hal_rcc_ex.c ****           /* HSI used as PLL clock source : PLLCLK = HSI/2 * PLLMUL */
 463:Drivers/STM32F1xx_HAL_Driver/Src/stm32f1xx_hal_rcc_ex.c ****           pllclk = (uint32_t)((HSI_VALUE >> 1) * pllmul);
 464:Drivers/STM32F1xx_HAL_Driver/Src/stm32f1xx_hal_rcc_ex.c ****         }
 465:Drivers/STM32F1xx_HAL_Driver/Src/stm32f1xx_hal_rcc_ex.c **** 
 466:Drivers/STM32F1xx_HAL_Driver/Src/stm32f1xx_hal_rcc_ex.c ****         /* Calcul of the USB frequency*/
 467:Drivers/STM32F1xx_HAL_Driver/Src/stm32f1xx_hal_rcc_ex.c **** #if defined(STM32F105xC) || defined(STM32F107xC)
 468:Drivers/STM32F1xx_HAL_Driver/Src/stm32f1xx_hal_rcc_ex.c ****         /* USBCLK = PLLVCO = (2 x PLLCLK) / USB prescaler */
 469:Drivers/STM32F1xx_HAL_Driver/Src/stm32f1xx_hal_rcc_ex.c ****         if (__HAL_RCC_GET_USB_SOURCE() == RCC_USBCLKSOURCE_PLL_DIV2)
 470:Drivers/STM32F1xx_HAL_Driver/Src/stm32f1xx_hal_rcc_ex.c ****         {
 471:Drivers/STM32F1xx_HAL_Driver/Src/stm32f1xx_hal_rcc_ex.c ****           /* Prescaler of 2 selected for USB */
 472:Drivers/STM32F1xx_HAL_Driver/Src/stm32f1xx_hal_rcc_ex.c ****           frequency = pllclk;
 473:Drivers/STM32F1xx_HAL_Driver/Src/stm32f1xx_hal_rcc_ex.c ****         }
 474:Drivers/STM32F1xx_HAL_Driver/Src/stm32f1xx_hal_rcc_ex.c ****         else
 475:Drivers/STM32F1xx_HAL_Driver/Src/stm32f1xx_hal_rcc_ex.c ****         {
 476:Drivers/STM32F1xx_HAL_Driver/Src/stm32f1xx_hal_rcc_ex.c ****           /* Prescaler of 3 selected for USB */
 477:Drivers/STM32F1xx_HAL_Driver/Src/stm32f1xx_hal_rcc_ex.c ****           frequency = (2 * pllclk) / 3;
 478:Drivers/STM32F1xx_HAL_Driver/Src/stm32f1xx_hal_rcc_ex.c ****         }
 479:Drivers/STM32F1xx_HAL_Driver/Src/stm32f1xx_hal_rcc_ex.c **** #else
 480:Drivers/STM32F1xx_HAL_Driver/Src/stm32f1xx_hal_rcc_ex.c ****         /* USBCLK = PLLCLK / USB prescaler */
 481:Drivers/STM32F1xx_HAL_Driver/Src/stm32f1xx_hal_rcc_ex.c ****         if (__HAL_RCC_GET_USB_SOURCE() == RCC_USBCLKSOURCE_PLL)
 482:Drivers/STM32F1xx_HAL_Driver/Src/stm32f1xx_hal_rcc_ex.c ****         {
 483:Drivers/STM32F1xx_HAL_Driver/Src/stm32f1xx_hal_rcc_ex.c ****           /* No prescaler selected for USB */
 484:Drivers/STM32F1xx_HAL_Driver/Src/stm32f1xx_hal_rcc_ex.c ****           frequency = pllclk;
 485:Drivers/STM32F1xx_HAL_Driver/Src/stm32f1xx_hal_rcc_ex.c ****         }
 486:Drivers/STM32F1xx_HAL_Driver/Src/stm32f1xx_hal_rcc_ex.c ****         else
 487:Drivers/STM32F1xx_HAL_Driver/Src/stm32f1xx_hal_rcc_ex.c ****         {
 488:Drivers/STM32F1xx_HAL_Driver/Src/stm32f1xx_hal_rcc_ex.c ****           /* Prescaler of 1.5 selected for USB */
 489:Drivers/STM32F1xx_HAL_Driver/Src/stm32f1xx_hal_rcc_ex.c ****           frequency = (pllclk * 2) / 3;
 490:Drivers/STM32F1xx_HAL_Driver/Src/stm32f1xx_hal_rcc_ex.c ****         }
 491:Drivers/STM32F1xx_HAL_Driver/Src/stm32f1xx_hal_rcc_ex.c **** #endif
 492:Drivers/STM32F1xx_HAL_Driver/Src/stm32f1xx_hal_rcc_ex.c ****       }
 493:Drivers/STM32F1xx_HAL_Driver/Src/stm32f1xx_hal_rcc_ex.c ****       break;
 494:Drivers/STM32F1xx_HAL_Driver/Src/stm32f1xx_hal_rcc_ex.c ****     }
ARM GAS  C:\Users\qwertym\AppData\Local\Temp\ccVsr9rq.s 			page 17


 495:Drivers/STM32F1xx_HAL_Driver/Src/stm32f1xx_hal_rcc_ex.c **** #endif /* STM32F102x6 || STM32F102xB || STM32F103x6 || STM32F103xB || STM32F103xE || STM32F103xG ||
 496:Drivers/STM32F1xx_HAL_Driver/Src/stm32f1xx_hal_rcc_ex.c **** #if defined(STM32F103xE) || defined(STM32F103xG) || defined(STM32F105xC) || defined(STM32F107xC)
 497:Drivers/STM32F1xx_HAL_Driver/Src/stm32f1xx_hal_rcc_ex.c ****     case RCC_PERIPHCLK_I2S2:
 498:Drivers/STM32F1xx_HAL_Driver/Src/stm32f1xx_hal_rcc_ex.c ****     {
 499:Drivers/STM32F1xx_HAL_Driver/Src/stm32f1xx_hal_rcc_ex.c **** #if defined(STM32F103xE) || defined(STM32F103xG)
 500:Drivers/STM32F1xx_HAL_Driver/Src/stm32f1xx_hal_rcc_ex.c ****       /* SYSCLK used as source clock for I2S2 */
 501:Drivers/STM32F1xx_HAL_Driver/Src/stm32f1xx_hal_rcc_ex.c ****       frequency = HAL_RCC_GetSysClockFreq();
 502:Drivers/STM32F1xx_HAL_Driver/Src/stm32f1xx_hal_rcc_ex.c **** #else
 503:Drivers/STM32F1xx_HAL_Driver/Src/stm32f1xx_hal_rcc_ex.c ****       if (__HAL_RCC_GET_I2S2_SOURCE() == RCC_I2S2CLKSOURCE_SYSCLK)
 504:Drivers/STM32F1xx_HAL_Driver/Src/stm32f1xx_hal_rcc_ex.c ****       {
 505:Drivers/STM32F1xx_HAL_Driver/Src/stm32f1xx_hal_rcc_ex.c ****         /* SYSCLK used as source clock for I2S2 */
 506:Drivers/STM32F1xx_HAL_Driver/Src/stm32f1xx_hal_rcc_ex.c ****         frequency = HAL_RCC_GetSysClockFreq();
 507:Drivers/STM32F1xx_HAL_Driver/Src/stm32f1xx_hal_rcc_ex.c ****       }
 508:Drivers/STM32F1xx_HAL_Driver/Src/stm32f1xx_hal_rcc_ex.c ****       else
 509:Drivers/STM32F1xx_HAL_Driver/Src/stm32f1xx_hal_rcc_ex.c ****       {
 510:Drivers/STM32F1xx_HAL_Driver/Src/stm32f1xx_hal_rcc_ex.c ****         /* Check if PLLI2S is enabled */
 511:Drivers/STM32F1xx_HAL_Driver/Src/stm32f1xx_hal_rcc_ex.c ****         if (HAL_IS_BIT_SET(RCC->CR, RCC_CR_PLL3ON))
 512:Drivers/STM32F1xx_HAL_Driver/Src/stm32f1xx_hal_rcc_ex.c ****         {
 513:Drivers/STM32F1xx_HAL_Driver/Src/stm32f1xx_hal_rcc_ex.c ****           /* PLLI2SVCO = 2 * PLLI2SCLK = 2 * (HSE/PREDIV2 * PLL3MUL) */
 514:Drivers/STM32F1xx_HAL_Driver/Src/stm32f1xx_hal_rcc_ex.c ****           prediv2 = ((RCC->CFGR2 & RCC_CFGR2_PREDIV2) >> RCC_CFGR2_PREDIV2_Pos) + 1;
 515:Drivers/STM32F1xx_HAL_Driver/Src/stm32f1xx_hal_rcc_ex.c ****           pll3mul = ((RCC->CFGR2 & RCC_CFGR2_PLL3MUL) >> RCC_CFGR2_PLL3MUL_Pos) + 2;
 516:Drivers/STM32F1xx_HAL_Driver/Src/stm32f1xx_hal_rcc_ex.c ****           frequency = (uint32_t)(2 * ((HSE_VALUE / prediv2) * pll3mul));
 517:Drivers/STM32F1xx_HAL_Driver/Src/stm32f1xx_hal_rcc_ex.c ****         }
 518:Drivers/STM32F1xx_HAL_Driver/Src/stm32f1xx_hal_rcc_ex.c ****       }
 519:Drivers/STM32F1xx_HAL_Driver/Src/stm32f1xx_hal_rcc_ex.c **** #endif /* STM32F103xE || STM32F103xG */
 520:Drivers/STM32F1xx_HAL_Driver/Src/stm32f1xx_hal_rcc_ex.c ****       break;
 521:Drivers/STM32F1xx_HAL_Driver/Src/stm32f1xx_hal_rcc_ex.c ****     }
 522:Drivers/STM32F1xx_HAL_Driver/Src/stm32f1xx_hal_rcc_ex.c ****     case RCC_PERIPHCLK_I2S3:
 523:Drivers/STM32F1xx_HAL_Driver/Src/stm32f1xx_hal_rcc_ex.c ****     {
 524:Drivers/STM32F1xx_HAL_Driver/Src/stm32f1xx_hal_rcc_ex.c **** #if defined(STM32F103xE) || defined(STM32F103xG)
 525:Drivers/STM32F1xx_HAL_Driver/Src/stm32f1xx_hal_rcc_ex.c ****       /* SYSCLK used as source clock for I2S3 */
 526:Drivers/STM32F1xx_HAL_Driver/Src/stm32f1xx_hal_rcc_ex.c ****       frequency = HAL_RCC_GetSysClockFreq();
 527:Drivers/STM32F1xx_HAL_Driver/Src/stm32f1xx_hal_rcc_ex.c **** #else
 528:Drivers/STM32F1xx_HAL_Driver/Src/stm32f1xx_hal_rcc_ex.c ****       if (__HAL_RCC_GET_I2S3_SOURCE() == RCC_I2S3CLKSOURCE_SYSCLK)
 529:Drivers/STM32F1xx_HAL_Driver/Src/stm32f1xx_hal_rcc_ex.c ****       {
 530:Drivers/STM32F1xx_HAL_Driver/Src/stm32f1xx_hal_rcc_ex.c ****         /* SYSCLK used as source clock for I2S3 */
 531:Drivers/STM32F1xx_HAL_Driver/Src/stm32f1xx_hal_rcc_ex.c ****         frequency = HAL_RCC_GetSysClockFreq();
 532:Drivers/STM32F1xx_HAL_Driver/Src/stm32f1xx_hal_rcc_ex.c ****       }
 533:Drivers/STM32F1xx_HAL_Driver/Src/stm32f1xx_hal_rcc_ex.c ****       else
 534:Drivers/STM32F1xx_HAL_Driver/Src/stm32f1xx_hal_rcc_ex.c ****       {
 535:Drivers/STM32F1xx_HAL_Driver/Src/stm32f1xx_hal_rcc_ex.c ****         /* Check if PLLI2S is enabled */
 536:Drivers/STM32F1xx_HAL_Driver/Src/stm32f1xx_hal_rcc_ex.c ****         if (HAL_IS_BIT_SET(RCC->CR, RCC_CR_PLL3ON))
 537:Drivers/STM32F1xx_HAL_Driver/Src/stm32f1xx_hal_rcc_ex.c ****         {
 538:Drivers/STM32F1xx_HAL_Driver/Src/stm32f1xx_hal_rcc_ex.c ****           /* PLLI2SVCO = 2 * PLLI2SCLK = 2 * (HSE/PREDIV2 * PLL3MUL) */
 539:Drivers/STM32F1xx_HAL_Driver/Src/stm32f1xx_hal_rcc_ex.c ****           prediv2 = ((RCC->CFGR2 & RCC_CFGR2_PREDIV2) >> RCC_CFGR2_PREDIV2_Pos) + 1;
 540:Drivers/STM32F1xx_HAL_Driver/Src/stm32f1xx_hal_rcc_ex.c ****           pll3mul = ((RCC->CFGR2 & RCC_CFGR2_PLL3MUL) >> RCC_CFGR2_PLL3MUL_Pos) + 2;
 541:Drivers/STM32F1xx_HAL_Driver/Src/stm32f1xx_hal_rcc_ex.c ****           frequency = (uint32_t)(2 * ((HSE_VALUE / prediv2) * pll3mul));
 542:Drivers/STM32F1xx_HAL_Driver/Src/stm32f1xx_hal_rcc_ex.c ****         }
 543:Drivers/STM32F1xx_HAL_Driver/Src/stm32f1xx_hal_rcc_ex.c ****       }
 544:Drivers/STM32F1xx_HAL_Driver/Src/stm32f1xx_hal_rcc_ex.c **** #endif /* STM32F103xE || STM32F103xG */
 545:Drivers/STM32F1xx_HAL_Driver/Src/stm32f1xx_hal_rcc_ex.c ****       break;
 546:Drivers/STM32F1xx_HAL_Driver/Src/stm32f1xx_hal_rcc_ex.c ****     }
 547:Drivers/STM32F1xx_HAL_Driver/Src/stm32f1xx_hal_rcc_ex.c **** #endif /* STM32F103xE || STM32F103xG || STM32F105xC || STM32F107xC */
 548:Drivers/STM32F1xx_HAL_Driver/Src/stm32f1xx_hal_rcc_ex.c ****     case RCC_PERIPHCLK_RTC:
 549:Drivers/STM32F1xx_HAL_Driver/Src/stm32f1xx_hal_rcc_ex.c ****     {
 550:Drivers/STM32F1xx_HAL_Driver/Src/stm32f1xx_hal_rcc_ex.c ****       /* Get RCC BDCR configuration ------------------------------------------------------*/
 551:Drivers/STM32F1xx_HAL_Driver/Src/stm32f1xx_hal_rcc_ex.c ****       temp_reg = RCC->BDCR;
ARM GAS  C:\Users\qwertym\AppData\Local\Temp\ccVsr9rq.s 			page 18


 552:Drivers/STM32F1xx_HAL_Driver/Src/stm32f1xx_hal_rcc_ex.c **** 
 553:Drivers/STM32F1xx_HAL_Driver/Src/stm32f1xx_hal_rcc_ex.c ****       /* Check if LSE is ready if RTC clock selection is LSE */
 554:Drivers/STM32F1xx_HAL_Driver/Src/stm32f1xx_hal_rcc_ex.c ****       if (((temp_reg & RCC_BDCR_RTCSEL) == RCC_RTCCLKSOURCE_LSE) && (HAL_IS_BIT_SET(temp_reg, RCC_B
 555:Drivers/STM32F1xx_HAL_Driver/Src/stm32f1xx_hal_rcc_ex.c ****       {
 556:Drivers/STM32F1xx_HAL_Driver/Src/stm32f1xx_hal_rcc_ex.c ****         frequency = LSE_VALUE;
 557:Drivers/STM32F1xx_HAL_Driver/Src/stm32f1xx_hal_rcc_ex.c ****       }
 558:Drivers/STM32F1xx_HAL_Driver/Src/stm32f1xx_hal_rcc_ex.c ****       /* Check if LSI is ready if RTC clock selection is LSI */
 559:Drivers/STM32F1xx_HAL_Driver/Src/stm32f1xx_hal_rcc_ex.c ****       else if (((temp_reg & RCC_BDCR_RTCSEL) == RCC_RTCCLKSOURCE_LSI) && (HAL_IS_BIT_SET(RCC->CSR, 
 560:Drivers/STM32F1xx_HAL_Driver/Src/stm32f1xx_hal_rcc_ex.c ****       {
 561:Drivers/STM32F1xx_HAL_Driver/Src/stm32f1xx_hal_rcc_ex.c ****         frequency = LSI_VALUE;
 562:Drivers/STM32F1xx_HAL_Driver/Src/stm32f1xx_hal_rcc_ex.c ****       }
 563:Drivers/STM32F1xx_HAL_Driver/Src/stm32f1xx_hal_rcc_ex.c ****       else if (((temp_reg & RCC_BDCR_RTCSEL) == RCC_RTCCLKSOURCE_HSE_DIV128) && (HAL_IS_BIT_SET(RCC
 564:Drivers/STM32F1xx_HAL_Driver/Src/stm32f1xx_hal_rcc_ex.c ****       {
 565:Drivers/STM32F1xx_HAL_Driver/Src/stm32f1xx_hal_rcc_ex.c ****         frequency = HSE_VALUE / 128U;
 566:Drivers/STM32F1xx_HAL_Driver/Src/stm32f1xx_hal_rcc_ex.c ****       }
 567:Drivers/STM32F1xx_HAL_Driver/Src/stm32f1xx_hal_rcc_ex.c ****       /* Clock not enabled for RTC*/
 568:Drivers/STM32F1xx_HAL_Driver/Src/stm32f1xx_hal_rcc_ex.c ****       else
 569:Drivers/STM32F1xx_HAL_Driver/Src/stm32f1xx_hal_rcc_ex.c ****       {
 570:Drivers/STM32F1xx_HAL_Driver/Src/stm32f1xx_hal_rcc_ex.c ****         /* nothing to do: frequency already initialized to 0U */
 571:Drivers/STM32F1xx_HAL_Driver/Src/stm32f1xx_hal_rcc_ex.c ****       }
 572:Drivers/STM32F1xx_HAL_Driver/Src/stm32f1xx_hal_rcc_ex.c ****       break;
 573:Drivers/STM32F1xx_HAL_Driver/Src/stm32f1xx_hal_rcc_ex.c ****     }
 574:Drivers/STM32F1xx_HAL_Driver/Src/stm32f1xx_hal_rcc_ex.c ****     case RCC_PERIPHCLK_ADC:
 575:Drivers/STM32F1xx_HAL_Driver/Src/stm32f1xx_hal_rcc_ex.c ****     {
 576:Drivers/STM32F1xx_HAL_Driver/Src/stm32f1xx_hal_rcc_ex.c ****       frequency = HAL_RCC_GetPCLK2Freq() / (((__HAL_RCC_GET_ADC_SOURCE() >> RCC_CFGR_ADCPRE_Pos) + 
 577:Drivers/STM32F1xx_HAL_Driver/Src/stm32f1xx_hal_rcc_ex.c ****       break;
 578:Drivers/STM32F1xx_HAL_Driver/Src/stm32f1xx_hal_rcc_ex.c ****     }
 579:Drivers/STM32F1xx_HAL_Driver/Src/stm32f1xx_hal_rcc_ex.c ****     default:
 580:Drivers/STM32F1xx_HAL_Driver/Src/stm32f1xx_hal_rcc_ex.c ****     {
 581:Drivers/STM32F1xx_HAL_Driver/Src/stm32f1xx_hal_rcc_ex.c ****       break;
 582:Drivers/STM32F1xx_HAL_Driver/Src/stm32f1xx_hal_rcc_ex.c ****     }
 583:Drivers/STM32F1xx_HAL_Driver/Src/stm32f1xx_hal_rcc_ex.c ****   }
 584:Drivers/STM32F1xx_HAL_Driver/Src/stm32f1xx_hal_rcc_ex.c ****   return (frequency);
 585:Drivers/STM32F1xx_HAL_Driver/Src/stm32f1xx_hal_rcc_ex.c **** }
 395              		.loc 1 585 1 is_stmt 0 view .LVU116
 396 002e 07B0     		add	sp, sp, #28
 397              		.cfi_remember_state
 398              		.cfi_def_cfa_offset 4
 399              		@ sp needed
 400 0030 5DF804FB 		ldr	pc, [sp], #4
 401              	.LVL31:
 402              	.L27:
 403              		.cfi_restore_state
 416:Drivers/STM32F1xx_HAL_Driver/Src/stm32f1xx_hal_rcc_ex.c **** 
 404              		.loc 1 416 7 is_stmt 1 view .LVU117
 416:Drivers/STM32F1xx_HAL_Driver/Src/stm32f1xx_hal_rcc_ex.c **** 
 405              		.loc 1 416 16 is_stmt 0 view .LVU118
 406 0034 2E4B     		ldr	r3, .L40+4
 407 0036 5A68     		ldr	r2, [r3, #4]
 408              	.LVL32:
 419:Drivers/STM32F1xx_HAL_Driver/Src/stm32f1xx_hal_rcc_ex.c ****       {
 409              		.loc 1 419 7 is_stmt 1 view .LVU119
 419:Drivers/STM32F1xx_HAL_Driver/Src/stm32f1xx_hal_rcc_ex.c ****       {
 410              		.loc 1 419 11 is_stmt 0 view .LVU120
 411 0038 1868     		ldr	r0, [r3]
 419:Drivers/STM32F1xx_HAL_Driver/Src/stm32f1xx_hal_rcc_ex.c ****       {
 412              		.loc 1 419 10 view .LVU121
ARM GAS  C:\Users\qwertym\AppData\Local\Temp\ccVsr9rq.s 			page 19


 413 003a 10F08070 		ands	r0, r0, #16777216
 414 003e F6D0     		beq	.L25
 421:Drivers/STM32F1xx_HAL_Driver/Src/stm32f1xx_hal_rcc_ex.c ****         if ((temp_reg & RCC_CFGR_PLLSRC) != RCC_PLLSOURCE_HSI_DIV2)
 415              		.loc 1 421 9 is_stmt 1 view .LVU122
 421:Drivers/STM32F1xx_HAL_Driver/Src/stm32f1xx_hal_rcc_ex.c ****         if ((temp_reg & RCC_CFGR_PLLSRC) != RCC_PLLSOURCE_HSI_DIV2)
 416              		.loc 1 421 77 is_stmt 0 view .LVU123
 417 0040 C2F38343 		ubfx	r3, r2, #18, #4
 421:Drivers/STM32F1xx_HAL_Driver/Src/stm32f1xx_hal_rcc_ex.c ****         if ((temp_reg & RCC_CFGR_PLLSRC) != RCC_PLLSOURCE_HSI_DIV2)
 418              		.loc 1 421 36 view .LVU124
 419 0044 1833     		adds	r3, r3, #24
 420 0046 6B44     		add	r3, sp, r3
 421 0048 13F8100C 		ldrb	r0, [r3, #-16]	@ zero_extendqisi2
 422              	.LVL33:
 422:Drivers/STM32F1xx_HAL_Driver/Src/stm32f1xx_hal_rcc_ex.c ****         {
 423              		.loc 1 422 9 is_stmt 1 view .LVU125
 422:Drivers/STM32F1xx_HAL_Driver/Src/stm32f1xx_hal_rcc_ex.c ****         {
 424              		.loc 1 422 12 is_stmt 0 view .LVU126
 425 004c 12F4803F 		tst	r2, #65536
 426 0050 17D0     		beq	.L30
 428:Drivers/STM32F1xx_HAL_Driver/Src/stm32f1xx_hal_rcc_ex.c **** #endif /* STM32F105xC || STM32F107xC || STM32F100xB || STM32F100xE */
 427              		.loc 1 428 11 is_stmt 1 view .LVU127
 428:Drivers/STM32F1xx_HAL_Driver/Src/stm32f1xx_hal_rcc_ex.c **** #endif /* STM32F105xC || STM32F107xC || STM32F100xB || STM32F100xE */
 428              		.loc 1 428 54 is_stmt 0 view .LVU128
 429 0052 274B     		ldr	r3, .L40+4
 430 0054 5B68     		ldr	r3, [r3, #4]
 428:Drivers/STM32F1xx_HAL_Driver/Src/stm32f1xx_hal_rcc_ex.c **** #endif /* STM32F105xC || STM32F107xC || STM32F100xB || STM32F100xE */
 431              		.loc 1 428 82 view .LVU129
 432 0056 C3F34043 		ubfx	r3, r3, #17, #1
 428:Drivers/STM32F1xx_HAL_Driver/Src/stm32f1xx_hal_rcc_ex.c **** #endif /* STM32F105xC || STM32F107xC || STM32F100xB || STM32F100xE */
 433              		.loc 1 428 39 view .LVU130
 434 005a 1833     		adds	r3, r3, #24
 435 005c 6B44     		add	r3, sp, r3
 436 005e 13F8142C 		ldrb	r2, [r3, #-20]	@ zero_extendqisi2
 437              	.LVL34:
 453:Drivers/STM32F1xx_HAL_Driver/Src/stm32f1xx_hal_rcc_ex.c ****           {
 438              		.loc 1 453 11 is_stmt 1 view .LVU131
 456:Drivers/STM32F1xx_HAL_Driver/Src/stm32f1xx_hal_rcc_ex.c ****           }
 439              		.loc 1 456 13 view .LVU132
 456:Drivers/STM32F1xx_HAL_Driver/Src/stm32f1xx_hal_rcc_ex.c ****           }
 440              		.loc 1 456 44 is_stmt 0 view .LVU133
 441 0062 244B     		ldr	r3, .L40+8
 442 0064 B3FBF2F3 		udiv	r3, r3, r2
 456:Drivers/STM32F1xx_HAL_Driver/Src/stm32f1xx_hal_rcc_ex.c ****           }
 443              		.loc 1 456 20 view .LVU134
 444 0068 03FB00F0 		mul	r0, r3, r0
 445              	.LVL35:
 446              	.L31:
 481:Drivers/STM32F1xx_HAL_Driver/Src/stm32f1xx_hal_rcc_ex.c ****         {
 447              		.loc 1 481 9 is_stmt 1 view .LVU135
 481:Drivers/STM32F1xx_HAL_Driver/Src/stm32f1xx_hal_rcc_ex.c ****         {
 448              		.loc 1 481 13 is_stmt 0 view .LVU136
 449 006c 204B     		ldr	r3, .L40+4
 450 006e 5B68     		ldr	r3, [r3, #4]
 481:Drivers/STM32F1xx_HAL_Driver/Src/stm32f1xx_hal_rcc_ex.c ****         {
 451              		.loc 1 481 12 view .LVU137
 452 0070 13F4800F 		tst	r3, #4194304
 453 0074 DBD1     		bne	.L25
ARM GAS  C:\Users\qwertym\AppData\Local\Temp\ccVsr9rq.s 			page 20


 489:Drivers/STM32F1xx_HAL_Driver/Src/stm32f1xx_hal_rcc_ex.c ****         }
 454              		.loc 1 489 11 is_stmt 1 view .LVU138
 489:Drivers/STM32F1xx_HAL_Driver/Src/stm32f1xx_hal_rcc_ex.c ****         }
 455              		.loc 1 489 31 is_stmt 0 view .LVU139
 456 0076 4000     		lsls	r0, r0, #1
 457              	.LVL36:
 489:Drivers/STM32F1xx_HAL_Driver/Src/stm32f1xx_hal_rcc_ex.c ****         }
 458              		.loc 1 489 21 view .LVU140
 459 0078 1F4B     		ldr	r3, .L40+12
 460 007a A3FB0030 		umull	r3, r0, r3, r0
 461 007e 4008     		lsrs	r0, r0, #1
 462              	.LVL37:
 489:Drivers/STM32F1xx_HAL_Driver/Src/stm32f1xx_hal_rcc_ex.c ****         }
 463              		.loc 1 489 21 view .LVU141
 464 0080 D5E7     		b	.L25
 465              	.LVL38:
 466              	.L30:
 463:Drivers/STM32F1xx_HAL_Driver/Src/stm32f1xx_hal_rcc_ex.c ****         }
 467              		.loc 1 463 11 is_stmt 1 view .LVU142
 463:Drivers/STM32F1xx_HAL_Driver/Src/stm32f1xx_hal_rcc_ex.c ****         }
 468              		.loc 1 463 18 is_stmt 0 view .LVU143
 469 0082 1E4B     		ldr	r3, .L40+16
 470 0084 03FB00F0 		mul	r0, r3, r0
 471              	.LVL39:
 463:Drivers/STM32F1xx_HAL_Driver/Src/stm32f1xx_hal_rcc_ex.c ****         }
 472              		.loc 1 463 18 view .LVU144
 473 0088 F0E7     		b	.L31
 474              	.LVL40:
 475              	.L28:
 551:Drivers/STM32F1xx_HAL_Driver/Src/stm32f1xx_hal_rcc_ex.c **** 
 476              		.loc 1 551 7 is_stmt 1 view .LVU145
 551:Drivers/STM32F1xx_HAL_Driver/Src/stm32f1xx_hal_rcc_ex.c **** 
 477              		.loc 1 551 16 is_stmt 0 view .LVU146
 478 008a 194B     		ldr	r3, .L40+4
 479 008c 1B6A     		ldr	r3, [r3, #32]
 480              	.LVL41:
 554:Drivers/STM32F1xx_HAL_Driver/Src/stm32f1xx_hal_rcc_ex.c ****       {
 481              		.loc 1 554 7 is_stmt 1 view .LVU147
 554:Drivers/STM32F1xx_HAL_Driver/Src/stm32f1xx_hal_rcc_ex.c ****       {
 482              		.loc 1 554 66 is_stmt 0 view .LVU148
 483 008e 40F20232 		movw	r2, #770
 484 0092 1A40     		ands	r2, r2, r3
 554:Drivers/STM32F1xx_HAL_Driver/Src/stm32f1xx_hal_rcc_ex.c ****       {
 485              		.loc 1 554 10 view .LVU149
 486 0094 B2F5817F 		cmp	r2, #258
 487 0098 24D0     		beq	.L33
 559:Drivers/STM32F1xx_HAL_Driver/Src/stm32f1xx_hal_rcc_ex.c ****       {
 488              		.loc 1 559 12 is_stmt 1 view .LVU150
 559:Drivers/STM32F1xx_HAL_Driver/Src/stm32f1xx_hal_rcc_ex.c ****       {
 489              		.loc 1 559 27 is_stmt 0 view .LVU151
 490 009a 03F44073 		and	r3, r3, #768
 491              	.LVL42:
 559:Drivers/STM32F1xx_HAL_Driver/Src/stm32f1xx_hal_rcc_ex.c ****       {
 492              		.loc 1 559 15 view .LVU152
 493 009e B3F5007F 		cmp	r3, #512
 494 00a2 04D0     		beq	.L38
 495              	.L32:
ARM GAS  C:\Users\qwertym\AppData\Local\Temp\ccVsr9rq.s 			page 21


 563:Drivers/STM32F1xx_HAL_Driver/Src/stm32f1xx_hal_rcc_ex.c ****       {
 496              		.loc 1 563 12 is_stmt 1 view .LVU153
 563:Drivers/STM32F1xx_HAL_Driver/Src/stm32f1xx_hal_rcc_ex.c ****       {
 497              		.loc 1 563 15 is_stmt 0 view .LVU154
 498 00a4 B3F5407F 		cmp	r3, #768
 499 00a8 09D0     		beq	.L39
 403:Drivers/STM32F1xx_HAL_Driver/Src/stm32f1xx_hal_rcc_ex.c **** 
 500              		.loc 1 403 27 view .LVU155
 501 00aa 0020     		movs	r0, #0
 502 00ac BFE7     		b	.L25
 503              	.L38:
 559:Drivers/STM32F1xx_HAL_Driver/Src/stm32f1xx_hal_rcc_ex.c ****       {
 504              		.loc 1 559 75 discriminator 1 view .LVU156
 505 00ae 104A     		ldr	r2, .L40+4
 506 00b0 526A     		ldr	r2, [r2, #36]
 559:Drivers/STM32F1xx_HAL_Driver/Src/stm32f1xx_hal_rcc_ex.c ****       {
 507              		.loc 1 559 71 discriminator 1 view .LVU157
 508 00b2 12F0020F 		tst	r2, #2
 509 00b6 F5D0     		beq	.L32
 561:Drivers/STM32F1xx_HAL_Driver/Src/stm32f1xx_hal_rcc_ex.c ****       }
 510              		.loc 1 561 19 view .LVU158
 511 00b8 49F64040 		movw	r0, #40000
 512 00bc B7E7     		b	.L25
 513              	.L39:
 563:Drivers/STM32F1xx_HAL_Driver/Src/stm32f1xx_hal_rcc_ex.c ****       {
 514              		.loc 1 563 82 discriminator 1 view .LVU159
 515 00be 0C4B     		ldr	r3, .L40+4
 516 00c0 1868     		ldr	r0, [r3]
 563:Drivers/STM32F1xx_HAL_Driver/Src/stm32f1xx_hal_rcc_ex.c ****       {
 517              		.loc 1 563 78 discriminator 1 view .LVU160
 518 00c2 10F40030 		ands	r0, r0, #131072
 519 00c6 B2D0     		beq	.L25
 565:Drivers/STM32F1xx_HAL_Driver/Src/stm32f1xx_hal_rcc_ex.c ****       }
 520              		.loc 1 565 19 view .LVU161
 521 00c8 4FF22440 		movw	r0, #62500
 522              	.LVL43:
 584:Drivers/STM32F1xx_HAL_Driver/Src/stm32f1xx_hal_rcc_ex.c **** }
 523              		.loc 1 584 3 is_stmt 1 view .LVU162
 584:Drivers/STM32F1xx_HAL_Driver/Src/stm32f1xx_hal_rcc_ex.c **** }
 524              		.loc 1 584 10 is_stmt 0 view .LVU163
 525 00cc AFE7     		b	.L25
 526              	.LVL44:
 527              	.L26:
 576:Drivers/STM32F1xx_HAL_Driver/Src/stm32f1xx_hal_rcc_ex.c ****       break;
 528              		.loc 1 576 7 is_stmt 1 view .LVU164
 576:Drivers/STM32F1xx_HAL_Driver/Src/stm32f1xx_hal_rcc_ex.c ****       break;
 529              		.loc 1 576 19 is_stmt 0 view .LVU165
 530 00ce FFF7FEFF 		bl	HAL_RCC_GetPCLK2Freq
 531              	.LVL45:
 576:Drivers/STM32F1xx_HAL_Driver/Src/stm32f1xx_hal_rcc_ex.c ****       break;
 532              		.loc 1 576 47 view .LVU166
 533 00d2 074B     		ldr	r3, .L40+4
 534 00d4 5B68     		ldr	r3, [r3, #4]
 576:Drivers/STM32F1xx_HAL_Driver/Src/stm32f1xx_hal_rcc_ex.c ****       break;
 535              		.loc 1 576 74 view .LVU167
 536 00d6 C3F38133 		ubfx	r3, r3, #14, #2
 576:Drivers/STM32F1xx_HAL_Driver/Src/stm32f1xx_hal_rcc_ex.c ****       break;
ARM GAS  C:\Users\qwertym\AppData\Local\Temp\ccVsr9rq.s 			page 22


 537              		.loc 1 576 98 view .LVU168
 538 00da 0133     		adds	r3, r3, #1
 576:Drivers/STM32F1xx_HAL_Driver/Src/stm32f1xx_hal_rcc_ex.c ****       break;
 539              		.loc 1 576 103 view .LVU169
 540 00dc 5B00     		lsls	r3, r3, #1
 576:Drivers/STM32F1xx_HAL_Driver/Src/stm32f1xx_hal_rcc_ex.c ****       break;
 541              		.loc 1 576 17 view .LVU170
 542 00de B0FBF3F0 		udiv	r0, r0, r3
 543              	.LVL46:
 577:Drivers/STM32F1xx_HAL_Driver/Src/stm32f1xx_hal_rcc_ex.c ****     }
 544              		.loc 1 577 7 is_stmt 1 view .LVU171
 545 00e2 A4E7     		b	.L25
 546              	.LVL47:
 547              	.L33:
 556:Drivers/STM32F1xx_HAL_Driver/Src/stm32f1xx_hal_rcc_ex.c ****       }
 548              		.loc 1 556 19 is_stmt 0 view .LVU172
 549 00e4 4FF40040 		mov	r0, #32768
 550 00e8 A1E7     		b	.L25
 551              	.L41:
 552 00ea 00BF     		.align	2
 553              	.L40:
 554 00ec 00000000 		.word	.LC0
 555 00f0 00100240 		.word	1073876992
 556 00f4 00127A00 		.word	8000000
 557 00f8 ABAAAAAA 		.word	-1431655765
 558 00fc 00093D00 		.word	4000000
 559              		.cfi_endproc
 560              	.LFE67:
 562              		.text
 563              	.Letext0:
 564              		.file 2 "d:\\coding\\stc\\12.2 mpacbti-bet1\\arm-none-eabi\\include\\machine\\_default_types.h"
 565              		.file 3 "d:\\coding\\stc\\12.2 mpacbti-bet1\\arm-none-eabi\\include\\sys\\_stdint.h"
 566              		.file 4 "Drivers/CMSIS/Device/ST/STM32F1xx/Include/stm32f103xb.h"
 567              		.file 5 "Drivers/CMSIS/Device/ST/STM32F1xx/Include/stm32f1xx.h"
 568              		.file 6 "Drivers/STM32F1xx_HAL_Driver/Inc/stm32f1xx_hal_def.h"
 569              		.file 7 "Drivers/STM32F1xx_HAL_Driver/Inc/stm32f1xx_hal_rcc_ex.h"
 570              		.file 8 "Drivers/STM32F1xx_HAL_Driver/Inc/stm32f1xx_hal_rcc.h"
 571              		.file 9 "Drivers/STM32F1xx_HAL_Driver/Inc/stm32f1xx_hal.h"
ARM GAS  C:\Users\qwertym\AppData\Local\Temp\ccVsr9rq.s 			page 23


DEFINED SYMBOLS
                            *ABS*:00000000 stm32f1xx_hal_rcc_ex.c
C:\Users\qwertym\AppData\Local\Temp\ccVsr9rq.s:19     .text.HAL_RCCEx_PeriphCLKConfig:00000000 $t
C:\Users\qwertym\AppData\Local\Temp\ccVsr9rq.s:25     .text.HAL_RCCEx_PeriphCLKConfig:00000000 HAL_RCCEx_PeriphCLKConfig
C:\Users\qwertym\AppData\Local\Temp\ccVsr9rq.s:276    .text.HAL_RCCEx_PeriphCLKConfig:0000010c $d
C:\Users\qwertym\AppData\Local\Temp\ccVsr9rq.s:283    .text.HAL_RCCEx_GetPeriphCLKConfig:00000000 $t
C:\Users\qwertym\AppData\Local\Temp\ccVsr9rq.s:289    .text.HAL_RCCEx_GetPeriphCLKConfig:00000000 HAL_RCCEx_GetPeriphCLKConfig
C:\Users\qwertym\AppData\Local\Temp\ccVsr9rq.s:339    .text.HAL_RCCEx_GetPeriphCLKConfig:00000028 $d
C:\Users\qwertym\AppData\Local\Temp\ccVsr9rq.s:344    .rodata.HAL_RCCEx_GetPeriphCLKFreq.str1.4:00000000 $d
C:\Users\qwertym\AppData\Local\Temp\ccVsr9rq.s:349    .text.HAL_RCCEx_GetPeriphCLKFreq:00000000 $t
C:\Users\qwertym\AppData\Local\Temp\ccVsr9rq.s:355    .text.HAL_RCCEx_GetPeriphCLKFreq:00000000 HAL_RCCEx_GetPeriphCLKFreq
C:\Users\qwertym\AppData\Local\Temp\ccVsr9rq.s:554    .text.HAL_RCCEx_GetPeriphCLKFreq:000000ec $d

UNDEFINED SYMBOLS
HAL_GetTick
HAL_RCC_GetPCLK2Freq
